500
0
1
eji-a 1
1
2
a-b 0
ejj-b 0
2
1
b-c 1
3
2
c-d 0
ejj-d 0
4
1
d-e 1
5
2
e-f 0
ejj-f 0
6
1
f-g 1
7
2
g-h 0
ejj-h 0
8
1
h-i 1
9
2
i-j 0
ejj-j 0
10
1
j-ba 1
11
2
ba-bb 0
ejj-bb 0
12
1
bb-bc 1
13
2
bc-bd 0
ejj-bd 0
14
1
bd-be 1
15
2
be-bf 0
ejj-bf 0
16
1
bf-bg 1
17
2
bg-bh 0
ejj-bh 0
18
1
bh-bi 1
19
2
bi-bj 0
ejj-bj 0
20
1
bj-ca 1
21
2
ca-cb 0
ejj-cb 0
22
1
cb-cc 1
23
2
cc-cd 0
ejj-cd 0
24
1
cd-ce 1
25
2
ce-cf 0
ejj-cf 0
26
1
cf-cg 1
27
2
cg-ch 0
ejj-ch 0
28
1
ch-ci 1
29
2
ci-cj 0
ejj-cj 0
30
1
cj-da 1
31
2
da-db 0
ejj-db 0
32
1
db-dc 1
33
2
dc-dd 0
ejj-dd 0
34
1
dd-de 1
35
2
de-df 0
ejj-df 0
36
1
df-dg 1
37
2
dg-dh 0
ejj-dh 0
38
1
dh-di 1
39
2
di-dj 0
ejj-dj 0
40
1
dj-ea 1
41
2
ea-eb 0
ejj-eb 0
42
1
eb-ec 1
43
2
ec-ed 0
ejj-ed 0
44
1
ed-ee 1
45
2
ee-ef 0
ejj-ef 0
46
1
ef-eg 1
47
2
eg-eh 0
ejj-eh 0
48
1
eh-ei 1
49
2
ei-ej 0
ejj-ej 0
50
1
ej-fa 1
51
2
fa-fb 0
ejj-fb 0
52
1
fb-fc 1
53
2
fc-fd 1
ejj-fd 0
54
1
fd-fe 1
55
2
fe-ff 0
ejj-ff 0
56
1
ff-fg 1
57
2
fg-fh 0
ejj-fh 0
58
1
fh-fi 1
59
2
fi-fj 0
ejj-fj 0
60
1
fj-ga 1
61
2
ga-gb 0
ejj-gb 0
62
1
gb-gc 1
63
2
gc-gd 0
ejj-gd 0
64
1
gd-ge 1
65
2
ge-gf 0
ejj-gf 0
66
1
gf-gg 1
67
2
gg-gh 0
ejj-gh 0
68
1
gh-gi 1
69
2
gi-gj 0
ejj-gj 0
70
1
gj-ha 1
71
2
ha-hb 0
ejj-hb 0
72
1
hb-hc 1
73
2
hc-hd 0
ejj-hd 0
74
1
hd-he 1
75
2
he-hf 0
ejj-hf 0
76
1
hf-hg 1
77
2
hg-hh 0
ejj-hh 0
78
1
hh-hi 1
79
2
hi-hj 0
ejj-hj 0
80
1
hj-ia 1
81
2
ia-ib 0
ejj-ib 0
82
1
ib-ic 1
83
2
ic-id 0
ejj-id 0
84
1
id-ie 1
85
2
ie-if 0
ejj-if 0
86
1
if-ig 1
87
2
ig-ih 0
ejj-ih 0
88
1
ih-ii 1
89
2
ii-ij 0
ejj-ij 0
90
1
ij-ja 1
91
2
ja-jb 0
ejj-jb 0
92
1
jb-jc 1
93
2
jc-jd 0
ejj-jd 0
94
1
jd-je 1
95
2
je-jf 0
ejj-jf 0
96
1
jf-jg 1
97
2
jg-jh 0
ejj-jh 0
98
1
jh-ji 1
99
2
ji-jj 0
ejj-jj 0
100
1
jj-baa 1
101
2
baa-bab 0
ejj-bab 0
102
1
bab-bac 1
103
2
bac-bad 0
ejj-bad 0
104
1
bad-bae 1
105
2
bae-baf 0
ejj-baf 0
106
1
baf-bag 1
107
2
bag-bah 0
ejj-bah 0
108
1
bah-bai 1
109
2
bai-baj 0
ejj-baj 0
110
1
baj-bba 1
111
2
bba-bbb 0
ejj-bbb 0
112
1
bbb-bbc 1
113
2
bbc-bbd 0
ejj-bbd 0
114
1
bbd-bbe 1
115
2
bbe-bbf 0
ejj-bbf 0
116
1
bbf-bbg 1
117
2
bbg-bbh 0
ejj-bbh 0
118
1
bbh-bbi 1
119
2
bbi-bbj 0
ejj-bbj 0
120
1
bbj-bca 1
121
2
bca-bcb 0
ejj-bcb 0
122
1
bcb-bcc 1
123
2
bcc-bcd 0
ejj-bcd 0
124
1
bcd-bce 1
125
2
bce-bcf 0
ejj-bcf 0
126
1
bcf-bcg 1
127
2
bcg-bch 0
ejj-bch 0
128
1
bch-bci 1
129
2
bci-bcj 0
ejj-bcj 0
130
1
bcj-bda 1
131
2
bda-bdb 0
ejj-bdb 0
132
1
bdb-bdc 1
133
2
bdc-bdd 0
ejj-bdd 0
134
1
bdd-bde 1
135
2
bde-bdf 0
ejj-bdf 0
136
1
bdf-bdg 1
137
2
bdg-bdh 0
ejj-bdh 0
138
1
bdh-bdi 1
139
2
bdi-bdj 0
ejj-bdj 0
140
1
bdj-bea 1
141
2
bea-beb 0
ejj-beb 0
142
1
beb-bec 1
143
2
bec-bed 0
ejj-bed 0
144
1
bed-bee 1
145
2
bee-bef 0
ejj-bef 0
146
1
bef-beg 1
147
2
beg-beh 0
ejj-beh 0
148
1
beh-bei 1
149
2
bei-bej 0
ejj-bej 0
150
1
bej-bfa 1
151
2
bfa-bfb 0
ejj-bfb 0
152
1
bfb-bfc 1
153
2
bfc-bfd 0
ejj-bfd 0
154
1
bfd-bfe 1
155
2
bfe-bff 0
ejj-bff 0
156
1
bff-bfg 1
157
2
bfg-bfh 0
ejj-bfh 0
158
1
bfh-bfi 1
159
2
bfi-bfj 0
ejj-bfj 0
160
1
bfj-bga 1
161
2
bga-bgb 1
ejj-bgb 0
162
1
bgb-bgc 1
163
2
bgc-bgd 0
ejj-bgd 0
164
1
bgd-bge 1
165
2
bge-bgf 0
ejj-bgf 0
166
1
bgf-bgg 1
167
2
bgg-bgh 0
ejj-bgh 0
168
1
bgh-bgi 1
169
2
bgi-bgj 0
ejj-bgj 0
170
1
bgj-bha 1
171
2
bha-bhb 0
ejj-bhb 0
172
1
bhb-bhc 1
173
2
bhc-bhd 0
ejj-bhd 0
174
1
bhd-bhe 1
175
2
bhe-bhf 0
ejj-bhf 0
176
1
bhf-bhg 1
177
2
bhg-bhh 0
ejj-bhh 0
178
1
bhh-bhi 1
179
2
bhi-bhj 0
ejj-bhj 0
180
1
bhj-bia 1
181
2
bia-bib 0
ejj-bib 0
182
1
bib-bic 1
183
2
bic-bid 0
ejj-bid 0
184
1
bid-bie 1
185
2
bie-bif 0
ejj-bif 0
186
1
bif-big 1
187
2
big-bih 0
ejj-bih 0
188
1
bih-bii 1
189
2
bii-bij 0
ejj-bij 0
190
1
bij-bja 1
191
2
bja-bjb 0
ejj-bjb 0
192
1
bjb-bjc 1
193
2
bjc-bjd 0
ejj-bjd 0
194
1
bjd-bje 1
195
2
bje-bjf 0
ejj-bjf 0
196
1
bjf-bjg 1
197
2
bjg-bjh 0
ejj-bjh 0
198
1
bjh-bji 1
199
2
bji-bjj 0
ejj-bjj 0
200
1
bjj-caa 1
201
2
caa-cab 0
ejj-cab 0
202
1
cab-cac 1
203
2
cac-cad 0
ejj-cad 0
204
1
cad-cae 1
205
2
cae-caf 0
ejj-caf 0
206
1
caf-cag 1
207
2
cag-cah 0
ejj-cah 0
208
1
cah-cai 1
209
2
cai-caj 0
ejj-caj 0
210
1
caj-cba 1
211
2
cba-cbb 0
ejj-cbb 0
212
1
cbb-cbc 1
213
2
cbc-cbd 0
ejj-cbd 0
214
1
cbd-cbe 1
215
2
cbe-cbf 0
ejj-cbf 0
216
1
cbf-cbg 1
217
2
cbg-cbh 0
ejj-cbh 0
218
1
cbh-cbi 1
219
2
cbi-cbj 0
ejj-cbj 0
220
1
cbj-cca 1
221
2
cca-ccb 0
ejj-ccb 0
222
1
ccb-ccc 1
223
2
ccc-ccd 0
ejj-ccd 0
224
1
ccd-cce 1
225
2
cce-ccf 0
ejj-ccf 0
226
1
ccf-ccg 1
227
2
ccg-cch 0
ejj-cch 0
228
1
cch-cci 1
229
2
cci-ccj 0
ejj-ccj 0
230
1
ccj-cda 1
231
2
cda-cdb 0
ejj-cdb 0
232
1
cdb-cdc 1
233
2
cdc-cdd 0
ejj-cdd 0
234
1
cdd-cde 1
235
2
cde-cdf 0
ejj-cdf 0
236
1
cdf-cdg 1
237
2
cdg-cdh 0
ejj-cdh 0
238
1
cdh-cdi 1
239
2
cdi-cdj 0
ejj-cdj 0
240
1
cdj-cea 1
241
2
cea-ceb 0
ejj-ceb 0
242
1
ceb-cec 1
243
2
cec-ced 0
ejj-ced 0
244
1
ced-cee 1
245
2
cee-cef 0
ejj-cef 0
246
1
cef-ceg 1
247
2
ceg-ceh 0
ejj-ceh 0
248
1
ceh-cei 1
249
2
cei-cej 1
ejj-cej 0
250
1
cej-cfa 1
251
2
cfa-cfb 0
ejj-cfb 0
252
1
cfb-cfc 1
253
2
cfc-cfd 0
ejj-cfd 0
254
1
cfd-cfe 1
255
2
cfe-cff 0
ejj-cff 0
256
1
cff-cfg 1
257
2
cfg-cfh 0
ejj-cfh 0
258
1
cfh-cfi 1
259
2
cfi-cfj 0
ejj-cfj 0
260
1
cfj-cga 1
261
2
cga-cgb 0
ejj-cgb 0
262
1
cgb-cgc 1
263
2
cgc-cgd 0
ejj-cgd 0
264
1
cgd-cge 1
265
2
cge-cgf 0
ejj-cgf 0
266
1
cgf-cgg 1
267
2
cgg-cgh 0
ejj-cgh 0
268
1
cgh-cgi 1
269
2
cgi-cgj 1
ejj-cgj 0
270
1
cgj-cha 1
271
2
cha-chb 0
ejj-chb 0
272
1
chb-chc 1
273
2
chc-chd 0
ejj-chd 0
274
1
chd-che 1
275
2
che-chf 0
ejj-chf 0
276
1
chf-chg 1
277
2
chg-chh 0
ejj-chh 0
278
1
chh-chi 1
279
2
chi-chj 0
ejj-chj 0
280
1
chj-cia 1
281
2
cia-cib 0
ejj-cib 0
282
1
cib-cic 1
283
2
cic-cid 0
ejj-cid 0
284
1
cid-cie 1
285
2
cie-cif 0
ejj-cif 0
286
1
cif-cig 1
287
2
cig-cih 0
ejj-cih 0
288
1
cih-cii 1
289
2
cii-cij 1
ejj-cij 0
290
1
cij-cja 1
291
2
cja-cjb 0
ejj-cjb 0
292
1
cjb-cjc 1
293
2
cjc-cjd 0
ejj-cjd 0
294
1
cjd-cje 1
295
2
cje-cjf 0
ejj-cjf 0
296
1
cjf-cjg 1
297
2
cjg-cjh 0
ejj-cjh 0
298
1
cjh-cji 1
299
2
cji-cjj 0
ejj-cjj 0
300
1
cjj-daa 1
301
2
daa-dab 0
ejj-dab 0
302
1
dab-dac 1
303
2
dac-dad 0
ejj-dad 0
304
1
dad-dae 1
305
2
dae-daf 0
ejj-daf 0
306
1
daf-dag 1
307
2
dag-dah 0
ejj-dah 0
308
1
dah-dai 1
309
2
dai-daj 0
ejj-daj 0
310
1
daj-dba 1
311
2
dba-dbb 0
ejj-dbb 0
312
1
dbb-dbc 1
313
2
dbc-dbd 0
ejj-dbd 0
314
1
dbd-dbe 1
315
2
dbe-dbf 0
ejj-dbf 0
316
1
dbf-dbg 1
317
2
dbg-dbh 0
ejj-dbh 0
318
1
dbh-dbi 1
319
2
dbi-dbj 0
ejj-dbj 0
320
1
dbj-dca 1
321
2
dca-dcb 0
ejj-dcb 0
322
1
dcb-dcc 1
323
2
dcc-dcd 0
ejj-dcd 0
324
1
dcd-dce 1
325
2
dce-dcf 0
ejj-dcf 0
326
1
dcf-dcg 1
327
2
dcg-dch 0
ejj-dch 0
328
1
dch-dci 1
329
2
dci-dcj 0
ejj-dcj 0
330
1
dcj-dda 1
331
2
dda-ddb 0
ejj-ddb 0
332
1
ddb-ddc 1
333
2
ddc-ddd 0
ejj-ddd 0
334
1
ddd-dde 1
335
2
dde-ddf 0
ejj-ddf 0
336
1
ddf-ddg 1
337
2
ddg-ddh 0
ejj-ddh 0
338
1
ddh-ddi 1
339
2
ddi-ddj 0
ejj-ddj 0
340
1
ddj-dea 1
341
2
dea-deb 0
ejj-deb 0
342
1
deb-dec 1
343
2
dec-ded 0
ejj-ded 0
344
1
ded-dee 1
345
2
dee-def 0
ejj-def 0
346
1
def-deg 1
347
2
deg-deh 0
ejj-deh 0
348
1
deh-dei 1
349
2
dei-dej 0
ejj-dej 0
350
1
dej-dfa 1
351
2
dfa-dfb 1
ejj-dfb 0
352
1
dfb-dfc 1
353
2
dfc-dfd 0
ejj-dfd 0
354
1
dfd-dfe 1
355
2
dfe-dff 0
ejj-dff 0
356
1
dff-dfg 1
357
2
dfg-dfh 0
ejj-dfh 0
358
1
dfh-dfi 1
359
2
dfi-dfj 0
ejj-dfj 0
360
1
dfj-dga 1
361
2
dga-dgb 0
ejj-dgb 0
362
1
dgb-dgc 1
363
2
dgc-dgd 0
ejj-dgd 0
364
1
dgd-dge 1
365
2
dge-dgf 0
ejj-dgf 0
366
1
dgf-dgg 1
367
2
dgg-dgh 0
ejj-dgh 0
368
1
dgh-dgi 1
369
2
dgi-dgj 0
ejj-dgj 0
370
1
dgj-dha 1
371
2
dha-dhb 0
ejj-dhb 0
372
1
dhb-dhc 1
373
2
dhc-dhd 0
ejj-dhd 0
374
1
dhd-dhe 1
375
2
dhe-dhf 0
ejj-dhf 0
376
1
dhf-dhg 1
377
2
dhg-dhh 0
ejj-dhh 0
378
1
dhh-dhi 1
379
2
dhi-dhj 0
ejj-dhj 0
380
1
dhj-dia 1
381
2
dia-dib 0
ejj-dib 0
382
1
dib-dic 1
383
2
dic-did 0
ejj-did 0
384
1
did-die 1
385
2
die-dif 0
ejj-dif 0
386
1
dif-dig 1
387
2
dig-dih 0
ejj-dih 0
388
1
dih-dii 1
389
2
dii-dij 0
ejj-dij 0
390
1
dij-dja 1
391
2
dja-djb 0
ejj-djb 0
392
1
djb-djc 1
393
2
djc-djd 0
ejj-djd 0
394
1
djd-dje 1
395
2
dje-djf 1
ejj-djf 0
396
1
djf-djg 1
397
2
djg-djh 0
ejj-djh 0
398
1
djh-dji 1
399
2
dji-djj 0
ejj-djj 0
400
1
djj-eaa 1
401
2
eaa-eab 0
ejj-eab 0
402
1
eab-eac 1
403
2
eac-ead 0
ejj-ead 0
404
1
ead-eae 1
405
2
eae-eaf 0
ejj-eaf 0
406
1
eaf-eag 1
407
2
eag-eah 0
ejj-eah 0
408
1
eah-eai 1
409
2
eai-eaj 0
ejj-eaj 0
410
1
eaj-eba 1
411
2
eba-ebb 0
ejj-ebb 0
412
1
ebb-ebc 1
413
2
ebc-ebd 0
ejj-ebd 0
414
1
ebd-ebe 1
415
2
ebe-ebf 0
ejj-ebf 0
416
1
ebf-ebg 1
417
2
ebg-ebh 0
ejj-ebh 0
418
1
ebh-ebi 1
419
2
ebi-ebj 0
ejj-ebj 0
420
1
ebj-eca 1
421
2
eca-ecb 0
ejj-ecb 0
422
1
ecb-ecc 1
423
2
ecc-ecd 0
ejj-ecd 0
424
1
ecd-ece 1
425
2
ece-ecf 0
ejj-ecf 0
426
1
ecf-ecg 1
427
2
ecg-ech 0
ejj-ech 0
428
1
ech-eci 1
429
2
eci-ecj 0
ejj-ecj 0
430
1
ecj-eda 1
431
2
eda-edb 0
ejj-edb 0
432
1
edb-edc 1
433
2
edc-edd 0
ejj-edd 0
434
1
edd-ede 1
435
2
ede-edf 0
ejj-edf 0
436
1
edf-edg 1
437
2
edg-edh 0
ejj-edh 0
438
1
edh-edi 1
439
2
edi-edj 0
ejj-edj 0
440
1
edj-eea 1
441
2
eea-eeb 0
ejj-eeb 0
442
1
eeb-eec 1
443
2
eec-eed 0
ejj-eed 0
444
1
eed-eee 1
445
2
eee-eef 0
ejj-eef 0
446
1
eef-eeg 1
447
2
eeg-eeh 0
ejj-eeh 0
448
1
eeh-eei 1
449
2
eei-eej 1
ejj-eej 0
450
1
eej-efa 1
451
2
efa-efb 0
ejj-efb 0
452
1
efb-efc 1
453
2
efc-efd 0
ejj-efd 0
454
1
efd-efe 1
455
2
efe-eff 0
ejj-eff 0
456
1
eff-efg 1
457
2
efg-efh 0
ejj-efh 0
458
1
efh-efi 1
459
2
efi-efj 0
ejj-efj 0
460
1
efj-ega 1
461
2
ega-egb 0
ejj-egb 0
462
1
egb-egc 1
463
2
egc-egd 0
ejj-egd 0
464
1
egd-ege 1
465
2
ege-egf 0
ejj-egf 0
466
1
egf-egg 1
467
2
egg-egh 0
ejj-egh 0
468
1
egh-egi 1
469
2
egi-egj 0
ejj-egj 0
470
1
egj-eha 1
471
2
eha-ehb 0
ejj-ehb 0
472
1
ehb-ehc 1
473
2
ehc-ehd 0
ejj-ehd 0
474
1
ehd-ehe 1
475
2
ehe-ehf 0
ejj-ehf 0
476
1
ehf-ehg 1
477
2
ehg-ehh 0
ejj-ehh 0
478
1
ehh-ehi 1
479
2
ehi-ehj 0
ejj-ehj 0
480
1
ehj-eia 1
481
2
eia-eib 0
ejj-eib 0
482
1
eib-eic 1
483
2
eic-eid 0
ejj-eid 0
484
1
eid-eie 1
485
2
eie-eif 0
ejj-eif 0
486
1
eif-eig 1
487
2
eig-eih 1
ejj-eih 0
488
1
eih-eii 1
489
2
eii-eij 0
ejj-eij 0
490
1
eij-eja 1
491
2
eja-ejb 0
ejj-ejb 0
492
1
ejb-ejc 1
493
2
ejc-ejd 0
ejj-ejd 0
494
1
ejd-eje 1
495
2
eje-ejf 0
ejj-ejf 0
496
1
ejf-ejg 1
497
2
ejg-ejh 0
ejj-ejh 0
498
1
ejh-eji 1
499
250
a-ejj 0
c-ejj 0
e-ejj 0
g-ejj 0
i-ejj 0
ba-ejj 0
bc-ejj 0
be-ejj 0
bg-ejj 0
bi-ejj 0
ca-ejj 0
cc-ejj 0
ce-ejj 0
cg-ejj 0
ci-ejj 0
da-ejj 0
dc-ejj 0
de-ejj 0
dg-ejj 0
di-ejj 0
ea-ejj 0
ec-ejj 0
ee-ejj 0
eg-ejj 0
ei-ejj 0
fa-ejj 0
fc-ejj 0
fe-ejj 0
fg-ejj 0
fi-ejj 0
ga-ejj 0
gc-ejj 0
ge-ejj 0
gg-ejj 0
gi-ejj 0
ha-ejj 0
hc-ejj 0
he-ejj 0
hg-ejj 0
hi-ejj 0
ia-ejj 0
ic-ejj 0
ie-ejj 0
ig-ejj 0
ii-ejj 0
ja-ejj 0
jc-ejj 0
je-ejj 0
jg-ejj 0
ji-ejj 0
baa-ejj 0
bac-ejj 0
bae-ejj 0
bag-ejj 0
bai-ejj 0
bba-ejj 0
bbc-ejj 0
bbe-ejj 0
bbg-ejj 0
bbi-ejj 0
bca-ejj 0
bcc-ejj 0
bce-ejj 0
bcg-ejj 0
bci-ejj 0
bda-ejj 0
bdc-ejj 0
bde-ejj 0
bdg-ejj 0
bdi-ejj 0
bea-ejj 0
bec-ejj 0
bee-ejj 0
beg-ejj 0
bei-ejj 0
bfa-ejj 0
bfc-ejj 0
bfe-ejj 0
bfg-ejj 0
bfi-ejj 0
bga-ejj 0
bgc-ejj 0
bge-ejj 0
bgg-ejj 0
bgi-ejj 0
bha-ejj 0
bhc-ejj 0
bhe-ejj 0
bhg-ejj 0
bhi-ejj 0
bia-ejj 0
bic-ejj 0
bie-ejj 0
big-ejj 0
bii-ejj 0
bja-ejj 0
bjc-ejj 0
bje-ejj 0
bjg-ejj 0
bji-ejj 0
caa-ejj 0
cac-ejj 0
cae-ejj 0
cag-ejj 0
cai-ejj 0
cba-ejj 0
cbc-ejj 0
cbe-ejj 0
cbg-ejj 0
cbi-ejj 0
cca-ejj 0
ccc-ejj 0
cce-ejj 0
ccg-ejj 0
cci-ejj 0
cda-ejj 0
cdc-ejj 0
cde-ejj 0
cdg-ejj 0
cdi-ejj 0
cea-ejj 0
cec-ejj 0
cee-ejj 0
ceg-ejj 0
cei-ejj 0
cfa-ejj 0
cfc-ejj 0
cfe-ejj 0
cfg-ejj 0
cfi-ejj 0
cga-ejj 0
cgc-ejj 0
cge-ejj 0
cgg-ejj 0
cgi-ejj 0
cha-ejj 0
chc-ejj 0
che-ejj 0
chg-ejj 0
chi-ejj 0
cia-ejj 0
cic-ejj 0
cie-ejj 0
cig-ejj 0
cii-ejj 0
cja-ejj 0
cjc-ejj 0
cje-ejj 0
cjg-ejj 0
cji-ejj 0
daa-ejj 0
dac-ejj 0
dae-ejj 0
dag-ejj 0
dai-ejj 0
dba-ejj 0
dbc-ejj 0
dbe-ejj 0
dbg-ejj 0
dbi-ejj 0
dca-ejj 0
dcc-ejj 0
dce-ejj 0
dcg-ejj 0
dci-ejj 0
dda-ejj 0
ddc-ejj 0
dde-ejj 0
ddg-ejj 0
ddi-ejj 0
dea-ejj 0
dec-ejj 0
dee-ejj 0
deg-ejj 0
dei-ejj 0
dfa-ejj 0
dfc-ejj 0
dfe-ejj 0
dfg-ejj 0
dfi-ejj 0
dga-ejj 0
dgc-ejj 0
dge-ejj 0
dgg-ejj 0
dgi-ejj 0
dha-ejj 0
dhc-ejj 0
dhe-ejj 0
dhg-ejj 0
dhi-ejj 0
dia-ejj 0
dic-ejj 0
die-ejj 0
dig-ejj 0
dii-ejj 0
dja-ejj 0
djc-ejj 0
dje-ejj 0
djg-ejj 0
dji-ejj 0
eaa-ejj 0
eac-ejj 0
eae-ejj 0
eag-ejj 0
eai-ejj 0
eba-ejj 0
ebc-ejj 0
ebe-ejj 0
ebg-ejj 0
ebi-ejj 0
eca-ejj 0
ecc-ejj 0
ece-ejj 0
ecg-ejj 0
eci-ejj 0
eda-ejj 0
edc-ejj 0
ede-ejj 0
edg-ejj 0
edi-ejj 0
eea-ejj 0
eec-ejj 0
eee-ejj 0
eeg-ejj 0
eei-ejj 0
efa-ejj 0
efc-ejj 0
efe-ejj 0
efg-ejj 0
efi-ejj 0
ega-ejj 0
egc-ejj 0
ege-ejj 0
egg-ejj 0
egi-ejj 0
eha-ejj 0
ehc-ejj 0
ehe-ejj 0
ehg-ejj 0
ehi-ejj 0
eia-ejj 0
eic-ejj 0
eie-ejj 0
eig-ejj 0
eii-ejj 0
eja-ejj 0
ejc-ejj 0
eje-ejj 0
ejg-ejj 0
eji-ejj 0
