1643
0
1
cd-a 6
1
2
dab-b 8
ehb-b 5
2
6
fcd-c 4
dgj-c 3
di-c 11
bih-c 7
bi-c 4
dgc-c 8
3
6
ii-d 8
hcj-d 3
bcb-d 6
bjg-d 4
cbd-d 11
cd-d 4
4
3
hic-e 8
d-e 6
cba-e 6
5
7
jbb-f 11
bdjf-f 10
bc-f 2
jcc-f 9
e-f 11
ff-f 7
bda-f 9
6
6
gic-g 10
ehc-g 9
eie-g 6
iee-g 7
bedj-g 11
bfg-g 7
7
1
bfa-h 7
8
3
gie-i 10
geg-i 3
bahi-i 11
9
4
fbj-j 3
ce-j 6
bi-j 9
heg-j 7
10
2
dhf-ba 4
bdi-ba 7
11
8
gc-bb 11
bae-bb 9
bee-bb 7
bcea-bb 2
bcef-bb 3
bgf-bb 6
cd-bb 4
bcb-bb 4
12
6
dgf-bc 11
daa-bc 10
hbf-bc 2
ccj-bc 4
ddf-bc 4
baid-bc 8
13
3
cch-bd 10
bejh-bd 2
cjb-bd 7
14
4
beai-be 3
bbbj-be 9
babg-be 2
fec-be 6
15
2
hi-bf 2
dh-bf 10
16
7
bdii-bg 7
fib-bg 6
baae-bg 9
jf-bg 2
iag-bg 3
gge-bg 8
bi-bg 9
17
3
ihi-bh 3
bgeh-bh 9
hjd-bh 3
18
5
fic-bi 6
babg-bi 2
feh-bi 5
hej-bi 5
bc-bi 4
19
8
bc-bj 9
dhf-bj 2
ch-bj 6
dg-bj 3
bdbf-bj 7
db-bj 8
cii-bj 8
hcj-bj 11
20
4
gjh-ca 9
dfg-ca 4
bai-ca 8
cd-ca 2
21
3
dcc-cb 7
did-cb 4
edb-cb 6
22
4
jgi-cc 10
badc-cc 2
dgf-cc 7
ff-cc 10
23
6
dbg-cd 11
ffb-cd 10
bhd-cd 3
gfa-cd 5
bcaj-cd 3
fae-cd 2
24
4
ef-ce 6
jgf-ce 9
jag-ce 4
bi-ce 7
25
5
eac-cf 3
fhg-cf 7
def-cf 2
bbci-cf 9
cc-cf 11
26
7
bd-cg 10
chb-cg 5
deb-cg 11
eh-cg 10
hhc-cg 7
deg-cg 2
ca-cg 2
27
6
hch-ch 6
jgg-ch 2
bjd-ch 3
dji-ch 10
ddb-ch 4
cd-ch 3
28
5
bffg-ci 10
befi-ci 5
hfh-ci 5
gbg-ci 9
hif-ci 11
29
3
bfgd-cj 2
egd-cj 8
fbi-cj 5
30
8
bdf-da 7
beib-da 5
gda-da 4
eej-da 11
bcei-da 5
ea-da 2
bhd-da 6
fai-da 6
31
7
bbde-db 3
cbh-db 9
bgj-db 8
bc-db 3
cfj-db 5
gi-db 10
cd-db 6
32
6
iej-dc 2
bbgj-dc 4
ifh-dc 4
ecg-dc 7
iag-dc 10
jbf-dc 3
33
3
babg-dd 8
fc-dd 7
dfg-dd 3
34
4
bhe-de 6
ghj-de 10
eih-de 3
di-de 3
35
5
bfgb-df 11
igi-df 5
iei-df 7
ibf-df 3
gc-df 8
36
8
bebe-dg 5
bcii-dg 10
hah-dg 2
bcag-dg 2
bdfc-dg 3
bgfe-dg 7
cee-dg 4
bed-dg 9
37
5
bagf-dh 9
gcd-dh 3
hha-dh 5
db-dh 3
dc-dh 9
38
1
haf-di 3
39
3
gdb-dj 4
ef-dj 4
cbh-dj 9
40
6
jjh-ea 7
jff-ea 11
eee-ea 5
cgg-ea 6
fda-ea 5
dbb-ea 10
41
3
bbfc-eb 2
cdi-eb 5
hac-eb 7
42
5
cdc-ec 9
ege-ec 5
fi-ec 3
ci-ec 9
fc-ec 10
43
5
bcia-ed 6
ech-ed 10
bfdc-ed 11
eb-ed 3
edf-ed 6
44
3
cfb-ee 3
ejg-ee 10
bacc-ee 11
45
7
ige-ef 10
beeh-ef 2
egh-ef 3
cih-ef 8
cij-ef 3
bgd-ef 8
bgb-ef 11
46
5
bcd-eg 3
ggg-eg 8
bdj-eg 4
cbg-eg 9
ffd-eg 9
47
5
bbfg-eh 2
bbei-eh 2
gdh-eh 9
bjb-eh 8
fdd-eh 6
48
6
jfj-ei 6
bcjf-ei 9
bb-ei 4
cbh-ei 11
bbje-ei 10
dff-ei 11
49
3
baig-ej 9
cd-ej 6
jia-ej 5
50
6
dhe-fa 6
bcb-fa 6
jji-fa 3
bc-fa 2
bhg-fa 3
hg-fa 4
51
3
bdc-fb 4
dfa-fb 5
bcch-fb 10
52
5
bfch-fc 5
fif-fc 6
eab-fc 7
jb-fc 6
bcj-fc 4
53
4
dhe-fd 3
dd-fd 6
je-fd 2
daf-fd 2
54
1
jic-fe 9
55
7
bdcg-ff 11
gb-ff 5
dbd-ff 11
cje-ff 9
bed-ff 5
ic-ff 2
bdf-ff 7
56
1
bfaf-fg 3
57
7
ccb-fh 9
bejb-fh 6
d-fh 4
jie-fh 5
jh-fh 7
jjd-fh 3
bdb-fh 2
58
3
bfdg-fi 3
hee-fi 7
fg-fi 9
59
7
dbg-fj 6
ifd-fj 2
hfh-fj 6
bea-fj 4
ff-fj 7
bcha-fj 8
ddg-fj 2
60
6
fga-ga 3
bi-ga 10
dac-ga 3
eah-ga 3
cg-ga 11
cih-ga 8
61
2
bbjc-gb 4
bbeb-gb 2
62
6
gge-gc 2
bdfa-gc 2
eie-gc 8
e-gc 3
bga-gc 5
j-gc 9
63
8
bfgc-gd 3
cfj-gd 7
dai-gd 2
daj-gd 2
icd-gd 9
gfb-gd 8
dbf-gd 6
je-gd 3
64
2
g-ge 8
dfi-ge 3
65
1
cgh-gf 11
66
5
bfjf-gg 9
cdh-gg 10
jhg-gg 5
jdj-gg 8
idf-gg 2
67
3
bddh-gh 7
jci-gh 5
bh-gh 9
68
3
bcff-gi 8
cbe-gi 3
ch-gi 5
69
3
baad-gj 8
gjj-gj 7
edh-gj 6
70
3
db-ha 7
bda-ha 4
ecc-ha 6
71
2
iaa-hb 3
efh-hb 4
72
4
dbf-hc 5
ejc-hc 8
cif-hc 2
gg-hc 7
74
7
gij-he 4
bcd-he 10
bcjc-he 9
hc-he 7
bgi-he 10
bebb-he 7
gig-he 6
75
4
hie-hf 11
bdbc-hf 10
da-hf 10
dah-hf 10
76
4
bja-hg 7
cgj-hg 11
gbd-hg 6
dfj-hg 4
77
7
bjb-hh 8
beic-hh 3
cae-hh 9
bdh-hh 8
gcj-hh 9
jae-hh 7
caa-hh 6
78
5
baec-hi 3
iba-hi 8
ihf-hi 6
fa-hi 10
bac-hi 7
79
3
jfc-hj 2
gfg-hj 11
di-hj 9
80
4
bdjd-ia 6
di-ia 10
ccc-ia 7
bfeh-ia 11
81
4
ghd-ib 3
dea-ib 3
gia-ib 5
dad-ib 9
82
3
bedh-ic 4
cgi-ic 3
fdf-ic 8
83
4
eab-id 9
gbg-id 2
ebd-id 9
ej-id 7
84
5
eeh-ie 4
haj-ie 3
dej-ie 4
fbb-ie 11
bjd-ie 2
85
3
bcge-if 7
bfce-if 8
di-if 2
86
2
egf-ig 10
baif-ig 7
87
3
cgh-ih 10
bcfj-ih 10
bba-ih 2
88
6
chf-ii 11
eig-ii 11
bacj-ii 10
bacd-ii 9
bgfi-ii 7
dgc-ii 3
89
4
bcd-ij 11
dbi-ij 6
ife-ij 4
fbc-ij 10
90
3
hij-ja 4
bei-ja 8
fef-ja 6
91
4
ehi-jb 2
bc-jb 7
jc-jb 3
bhe-jb 8
92
6
babi-jc 6
bbjg-jc 2
gbe-jc 3
fci-jc 11
gii-jc 8
hj-jc 7
93
2
cae-jd 7
fhj-jd 7
94
6
bfc-je 11
bfgb-je 11
fcf-je 7
gdf-je 3
bi-je 4
bbi-je 11
95
3
iae-jf 8
dfc-jf 7
gbd-jf 4
96
3
daf-jg 5
beb-jg 2
ec-jg 2
97
6
bbfg-jh 10
hib-jh 8
bcbf-jh 4
dai-jh 9
ecj-jh 4
ei-jh 11
98
5
idd-ji 11
bccj-ji 6
bdjh-ji 7
beaa-ji 5
gbe-ji 4
99
3
fgf-jj 5
bcee-jj 8
dej-jj 3
100
5
efg-baa 4
dfi-baa 11
dig-baa 10
bfg-baa 10
fhg-baa 11
101
4
eic-bab 2
ede-bab 6
chf-bab 5
jhg-bab 11
102
5
gja-bac 3
bfe-bac 3
da-bac 2
hfi-bac 5
hj-bac 7
103
3
jid-bad 10
bha-bad 6
bfi-bad 8
104
4
bdga-bae 6
ceg-bae 6
dgj-bae 11
cd-bae 3
105
5
bdbh-baf 10
bcb-baf 11
cj-baf 6
cgb-baf 5
cbg-baf 11
106
7
bcc-bag 7
baab-bag 11
bfce-bag 5
ede-bag 6
bbfi-bag 8
dad-bag 6
fic-bag 9
107
6
gjh-bah 5
deg-bah 11
ifd-bah 5
bbcc-bah 10
hbf-bah 3
ddf-bah 9
108
2
cfj-bai 2
bda-bai 7
109
6
chf-baj 6
cjg-baj 3
eg-baj 9
ddb-baj 5
bda-baj 9
db-baj 2
110
5
je-bba 8
gdc-bba 2
fbe-bba 3
dic-bba 9
hi-bba 3
111
4
d-bbb 7
fdh-bbb 8
edb-bbb 6
bdh-bbb 3
112
5
chf-bbc 2
jje-bbc 2
dgb-bbc 3
dbb-bbc 11
gbg-bbc 5
113
2
bja-bbd 2
gca-bbd 7
114
3
ehd-bbe 3
cie-bbe 5
cb-bbe 9
115
5
bei-bbf 6
bage-bbf 8
dfc-bbf 8
fj-bbf 4
bej-bbf 3
116
6
iff-bbg 8
bbbj-bbg 2
gdc-bbg 2
eba-bbg 8
eg-bbg 4
cbd-bbg 3
117
3
bacc-bbh 7
gjh-bbh 5
ehi-bbh 5
118
9
beeh-bbi 8
gfd-bbi 7
beb-bbi 10
bech-bbi 11
bca-bbi 6
cbb-bbi 4
ib-bbi 8
cea-bbi 6
ige-bbi 2
119
7
fag-bbj 9
eh-bbj 9
ige-bbj 8
bbag-bbj 6
baja-bbj 7
bbf-bbj 4
gjh-bbj 7
120
6
gae-bca 5
cc-bca 10
eae-bca 11
gaf-bca 7
cji-bca 10
bae-bca 8
121
4
fba-bcb 10
bbgc-bcb 9
bbdg-bcb 9
bdea-bcb 5
122
7
bbff-bcc 8
gfi-bcc 4
bbab-bcc 5
bebg-bcc 8
bjd-bcc 5
hgb-bcc 4
jg-bcc 4
123
5
eed-bcd 6
ddj-bcd 4
jec-bcd 5
gc-bcd 4
iie-bcd 4
124
8
gef-bce 4
gc-bce 7
bagd-bce 2
bi-bce 8
edi-bce 8
ccc-bce 5
fed-bce 3
bb-bce 3
125
4
ddj-bcf 7
deg-bcf 7
cea-bcf 8
gih-bcf 6
126
7
hcj-bcg 2
dgg-bcg 9
dbg-bcg 3
bhj-bcg 9
g-bcg 7
di-bcg 3
cah-bcg 4
127
6
ecb-bch 5
gad-bch 10
fbh-bch 2
bgbf-bch 4
bfc-bch 10
dfd-bch 8
128
7
bbhe-bci 11
bbf-bci 6
bagb-bci 9
bcbc-bci 8
bbc-bci 6
fag-bci 11
fi-bci 6
129
7
iff-bcj 6
bah-bcj 6
icj-bcj 3
cjg-bcj 11
bbf-bcj 11
cjh-bcj 9
eac-bcj 9
130
6
dhg-bda 3
ffa-bda 4
dfj-bda 11
eh-bda 2
fbe-bda 4
ia-bda 6
131
8
efd-bdb 5
bhb-bdb 4
jbg-bdb 10
deh-bdb 11
djh-bdb 7
bfc-bdb 6
fib-bdb 3
cda-bdb 8
132
9
bbfe-bdc 5
fee-bdc 2
fdc-bdc 10
jbg-bdc 6
bbjh-bdc 4
bfea-bdc 6
cfc-bdc 9
bbah-bdc 5
bec-bdc 10
133
5
bcgc-bdd 6
bece-bdd 10
efa-bdd 3
bjf-bdd 6
bja-bdd 8
134
6
bdh-bde 10
hhi-bde 4
iah-bde 6
bba-bde 3
gge-bde 9
beec-bde 2
135
6
hcg-bdf 6
bbab-bdf 6
gea-bdf 3
gbf-bdf 2
hc-bdf 9
bhe-bdf 9
136
8
jdg-bdg 7
bahh-bdg 8
bbij-bdg 7
djj-bdg 3
ch-bdg 6
cha-bdg 4
bcc-bdg 9
dhi-bdg 4
137
4
jjg-bdh 11
edg-bdh 10
feh-bdh 3
ce-bdh 10
138
6
iic-bdi 2
gci-bdi 7
jbe-bdi 11
bffi-bdi 4
bcfj-bdi 7
ich-bdi 3
139
7
geh-bdj 9
jfe-bdj 8
bbbh-bdj 5
ffb-bdj 11
igg-bdj 9
hhc-bdj 3
igb-bdj 2
140
4
dgc-bea 9
fif-bea 6
cdh-bea 6
dgb-bea 3
141
8
djg-beb 4
hia-beb 5
edh-beb 8
ffd-beb 8
dci-beb 6
fe-beb 6
cbg-beb 8
cbe-beb 8
142
8
hea-bec 2
hj-bec 6
ii-bec 5
bdei-bec 8
eei-bec 5
ica-bec 2
hff-bec 2
bdh-bec 3
143
6
cd-bed 9
ica-bed 9
bhc-bed 3
begd-bed 11
feh-bed 6
cfa-bed 9
144
5
bgbe-bee 9
gjd-bee 6
dfg-bee 3
cfa-bee 8
bbej-bee 2
145
4
dai-bef 4
bjd-bef 7
fgj-bef 3
jei-bef 6
146
5
fei-beg 9
hgd-beg 10
bja-beg 6
bef-beg 2
ea-beg 11
147
9
ieh-beh 5
hi-beh 9
jbj-beh 2
gdd-beh 10
bab-beh 6
ccg-beh 4
ih-beh 2
cia-beh 11
ef-beh 6
148
5
jca-bei 9
bcgi-bei 9
fge-bei 7
jbi-bei 2
becg-bei 11
149
5
fif-bej 2
cdi-bej 3
bec-bej 9
dbi-bej 4
bdb-bej 6
150
5
egg-bfa 5
cjd-bfa 8
cdf-bfa 4
ddd-bfa 8
ifi-bfa 8
151
2
bdji-bfb 2
fda-bfb 3
152
9
dcb-bfc 8
gbi-bfc 11
bafi-bfc 4
ifh-bfc 6
fbb-bfc 6
fcb-bfc 11
cdb-bfc 7
cei-bfc 8
dhb-bfc 11
153
4
haa-bfd 4
cie-bfd 6
jgi-bfd 11
bif-bfd 11
154
5
dch-bfe 9
gbc-bfe 8
cgh-bfe 4
baea-bfe 7
hff-bfe 11
155
4
eec-bff 4
bcie-bff 9
gfe-bff 7
fdh-bff 10
156
8
bgac-bfg 4
hj-bfg 6
hhe-bfg 9
efi-bfg 11
dae-bfg 4
fh-bfg 10
bef-bfg 5
be-bfg 5
157
4
eaa-bfh 8
bae-bfh 3
gcj-bfh 3
baf-bfh 5
158
7
bgci-bfi 11
gaa-bfi 2
idg-bfi 10
bacf-bfi 10
jhe-bfi 6
ich-bfi 7
ecj-bfi 11
159
5
gce-bfj 8
bii-bfj 5
gif-bfj 6
jjj-bfj 3
ded-bfj 5
160
3
hbd-bga 8
efe-bga 8
dij-bga 2
161
6
cgc-bgb 4
hea-bgb 3
bedd-bgb 10
bahe-bgb 11
bcga-bgb 7
dff-bgb 11
162
7
bdeh-bgc 4
cgd-bgc 9
fd-bgc 3
ffi-bgc 6
ehc-bgc 4
cdb-bgc 6
cff-bgc 8
163
5
edg-bgd 3
bgdh-bgd 4
f-bgd 7
gd-bgd 4
dbj-bgd 10
164
3
hci-bge 2
jif-bge 8
d-bge 5
165
4
iaa-bgf 7
bd-bgf 11
bie-bgf 4
baih-bgf 10
166
6
heh-bgg 4
ehg-bgg 8
babe-bgg 2
bcaa-bgg 8
bdde-bgg 7
id-bgg 6
167
5
cgg-bgh 11
cej-bgh 10
bfgh-bgh 10
dbg-bgh 8
be-bgh 11
168
8
daj-bgi 3
cbi-bgi 10
bhh-bgi 7
baa-bgi 10
eij-bgi 10
dda-bgi 8
bc-bgi 9
cej-bgi 11
169
5
jai-bgj 4
hch-bgj 11
hbh-bgj 11
djh-bgj 4
bffe-bgj 9
170
8
ddd-bha 7
bff-bha 2
gi-bha 9
fh-bha 11
edd-bha 9
bde-bha 3
bi-bha 9
ccd-bha 9
171
6
hhd-bhb 5
cda-bhb 3
fcb-bhb 2
jh-bhb 8
bfbi-bhb 2
ih-bhb 6
172
6
bagf-bhc 8
bbfd-bhc 10
bfe-bhc 5
gfg-bhc 8
edf-bhc 9
eje-bhc 10
173
4
hj-bhd 2
gii-bhd 7
eed-bhd 3
bcb-bhd 11
174
5
daa-bhe 2
cfe-bhe 6
bgj-bhe 11
chd-bhe 10
ebi-bhe 4
175
6
bci-bhf 5
ech-bhf 2
jga-bhf 10
dgi-bhf 9
cgi-bhf 10
ca-bhf 10
176
7
cdi-bhg 5
bci-bhg 5
iga-bhg 11
cfi-bhg 3
baf-bhg 4
cbg-bhg 6
babb-bhg 5
177
4
efe-bhh 4
bai-bhh 8
cch-bhh 7
cbc-bhh 2
178
5
gbb-bhi 5
ibh-bhi 5
eaj-bhi 2
cdb-bhi 5
bacb-bhi 10
179
7
bafb-bhj 3
ghd-bhj 2
hg-bhj 8
dbf-bhj 5
hbc-bhj 7
cb-bhj 8
fha-bhj 4
180
4
dac-bia 5
hi-bia 10
cch-bia 3
bjg-bia 7
181
3
eae-bib 10
fhc-bib 5
hjj-bib 4
182
4
baa-bic 8
eee-bic 3
hdc-bic 6
dc-bic 8
183
4
bef-bid 10
beh-bid 10
bajd-bid 9
dec-bid 8
184
11
hdd-bie 8
bcai-bie 7
bae-bie 8
eig-bie 6
bef-bie 6
bcc-bie 5
bde-bie 9
cdc-bie 5
dbe-bie 4
cfe-bie 9
bbc-bie 4
185
5
babf-bif 8
bgcg-bif 8
bahf-bif 4
je-bif 4
cji-bif 8
186
2
deg-big 8
bdde-big 4
187
4
bcff-bih 11
dcf-bih 4
ccj-bih 8
hef-bih 9
188
5
bga-bii 7
bcej-bii 9
caj-bii 11
ejd-bii 7
dfa-bii 2
189
6
cha-bij 3
eab-bij 7
gfi-bij 3
ba-bij 2
cia-bij 11
bcj-bij 10
190
3
dca-bja 5
ded-bja 8
dig-bja 10
191
4
bcdb-bjb 4
bbee-bjb 9
db-bjb 2
fed-bjb 3
192
5
ibe-bjc 4
baad-bjc 6
ggh-bjc 3
bagc-bjc 6
eia-bjc 3
193
5
hdg-bjd 10
bij-bjd 2
ghb-bjd 4
di-bjd 3
gd-bjd 6
194
4
ecd-bje 3
cga-bje 5
eja-bje 6
dgf-bje 5
195
6
hic-bjf 5
baff-bjf 10
hii-bjf 6
ecg-bjf 4
hie-bjf 8
bccc-bjf 11
196
3
df-bjg 7
cec-bjg 4
dih-bjg 8
197
6
cd-bjh 10
bcb-bjh 11
jeb-bjh 3
gfd-bjh 2
djg-bjh 7
eah-bjh 8
198
4
beeb-bji 8
cgh-bji 7
fdj-bji 2
dbg-bji 3
199
4
baad-bjj 4
gci-bjj 7
jhe-bjj 7
edg-bjj 7
200
6
ecb-caa 11
djj-caa 5
hfg-caa 3
bafd-caa 7
jgd-caa 8
dhc-caa 9
201
6
cjd-cab 7
bdg-cab 6
jbg-cab 5
jca-cab 9
daf-cab 2
bef-cab 3
202
5
fid-cac 6
dbf-cac 8
djc-cac 6
bbdh-cac 8
cgd-cac 8
203
3
ege-cad 3
icg-cad 3
edd-cad 10
204
8
jcd-cae 4
bcb-cae 8
gdi-cae 4
bccg-cae 4
hhb-cae 2
chb-cae 5
cci-cae 3
bea-cae 6
205
3
bafb-caf 3
ghc-caf 10
gag-caf 2
206
4
cie-cag 9
fbi-cag 5
ebb-cag 8
bbg-cag 5
207
6
cce-cah 2
bebe-cah 5
ih-cah 7
bahc-cah 8
fac-cah 9
fde-cah 10
208
2
gdb-cai 5
jda-cai 8
209
4
eji-caj 7
ghh-caj 5
eba-caj 6
jh-caj 10
210
4
bccb-cba 4
bbjf-cba 2
bgdd-cba 6
bfi-cba 2
211
5
ihc-cbb 7
cge-cbb 6
ca-cbb 4
da-cbb 6
be-cbb 7
212
2
efg-cbc 7
bcdg-cbc 4
213
8
jfc-cbd 8
bcdc-cbd 11
cec-cbd 11
jej-cbd 8
eag-cbd 5
bif-cbd 11
ehe-cbd 9
chb-cbd 9
214
1
bbcc-cbe 2
215
3
cdj-cbf 3
bff-cbf 7
ceb-cbf 9
216
4
becj-cbg 8
bbfi-cbg 5
bdg-cbg 8
hjj-cbg 3
217
5
bhi-cbh 8
jhi-cbh 10
bfg-cbh 7
ej-cbh 11
caj-cbh 9
218
3
ede-cbi 3
bdi-cbi 8
ebh-cbi 8
219
5
hi-cbj 9
gjj-cbj 11
dcf-cbj 10
jec-cbj 9
db-cbj 2
220
6
ihg-cca 3
bbdb-cca 4
cbe-cca 2
bbi-cca 9
ehi-cca 7
eea-cca 8
221
6
ddd-ccb 5
ejj-ccb 3
bjj-ccb 8
jeh-ccb 7
eig-ccb 7
d-ccb 11
222
3
jfh-ccc 7
eag-ccc 4
bcda-ccc 9
223
6
feh-ccd 5
bajb-ccd 3
cjf-ccd 2
dhh-ccd 10
eae-ccd 7
ecd-ccd 4
224
4
hdf-cce 11
bceh-cce 8
bdc-cce 10
daf-cce 3
225
7
ihi-ccf 11
dca-ccf 9
ga-ccf 3
ghd-ccf 8
hcc-ccf 8
jeg-ccf 3
bfdd-ccf 11
226
7
fhh-ccg 9
hjh-ccg 2
hde-ccg 5
ijd-ccg 7
ide-ccg 9
bahi-ccg 9
bih-ccg 10
227
4
baaf-cch 3
egd-cch 3
bhe-cch 7
ice-cch 6
228
4
bgbg-cci 8
bbfd-cci 8
haf-cci 2
ceb-cci 8
229
6
hji-ccj 5
eeb-ccj 9
gdf-ccj 4
cch-ccj 2
j-ccj 9
bch-ccj 6
230
3
ejd-cda 5
dd-cda 9
jae-cda 11
231
4
ejg-cdb 6
jaa-cdb 2
bff-cdb 7
fcf-cdb 9
232
6
ddj-cdc 4
ccj-cdc 4
fad-cdc 7
eb-cdc 2
gac-cdc 4
hjg-cdc 8
233
2
bebi-cdd 11
db-cdd 3
234
7
bdia-cde 4
hhb-cde 7
gge-cde 7
bi-cde 11
bjb-cde 5
fff-cde 7
bj-cde 9
235
5
fjc-cdf 5
dfa-cdf 10
iee-cdf 11
bhj-cdf 10
badh-cdf 9
236
6
dff-cdg 8
bdf-cdg 4
bfjd-cdg 3
gcf-cdg 10
eif-cdg 8
cid-cdg 3
237
3
bbja-cdh 3
gfd-cdh 6
gd-cdh 9
238
4
beha-cdi 3
deb-cdi 6
j-cdi 10
jbc-cdi 8
239
3
chh-cdj 6
hgg-cdj 8
ega-cdj 6
240
7
jaj-cea 2
che-cea 10
if-cea 9
cfi-cea 7
gbi-cea 8
cac-cea 11
be-cea 11
241
6
bdea-ceb 4
bfj-ceb 10
cii-ceb 7
dhh-ceb 11
dfe-ceb 5
bch-ceb 11
242
4
bajb-cec 9
bad-cec 7
bbc-cec 7
bdg-cec 2
243
3
bbgc-ced 9
cah-ced 2
efg-ced 9
244
3
ic-cee 4
eej-cee 4
jhc-cee 4
245
4
bha-cef 11
bfi-cef 9
dab-cef 9
bbec-cef 11
246
4
iag-ceg 2
cah-ceg 8
gdg-ceg 10
bfa-ceg 10
247
4
gdd-ceh 6
eeg-ceh 2
cic-ceh 11
bje-ceh 4
248
5
fhi-cei 2
dgf-cei 3
bfb-cei 10
ehj-cei 9
ddf-cei 11
249
8
bbeg-cej 8
bh-cej 10
bbee-cej 3
dif-cej 2
bda-cej 6
jej-cej 4
gig-cej 7
ef-cej 2
250
5
gei-cfa 9
bdhb-cfa 3
hdi-cfa 11
ice-cfa 5
eb-cfa 9
251
7
fgg-cfb 5
g-cfb 10
fhe-cfb 9
baga-cfb 10
gje-cfb 11
fc-cfb 6
cea-cfb 2
252
3
gef-cfc 11
ieg-cfc 5
eca-cfc 10
253
6
bchd-cfd 8
cje-cfd 5
bcdh-cfd 9
geb-cfd 2
a-cfd 8
ccg-cfd 6
254
2
ijc-cfe 3
jf-cfe 10
255
5
hda-cff 4
bafc-cff 8
ejg-cff 8
egj-cff 4
hjf-cff 6
256
4
bbdg-cfg 3
ej-cfg 2
bfdb-cfg 4
gic-cfg 7
257
7
cie-cfh 6
fjh-cfh 6
bee-cfh 11
bbee-cfh 8
cid-cfh 9
baj-cfh 6
gbg-cfh 10
258
5
chd-cfi 9
dhi-cfi 11
badf-cfi 5
bcfi-cfi 7
eec-cfi 9
259
6
cfi-cfj 3
beb-cfj 4
bd-cfj 8
fh-cfj 11
efb-cfj 3
dib-cfj 6
260
7
bcjf-cga 3
cgd-cga 8
chj-cga 2
bhb-cga 5
cah-cga 7
chf-cga 7
dh-cga 3
261
5
gdf-cgb 2
da-cgb 7
dch-cgb 7
deb-cgb 4
dhd-cgb 9
262
6
fji-cgc 9
ee-cgc 10
ica-cgc 5
cdb-cgc 6
hfc-cgc 7
hdb-cgc 10
263
6
dcf-cgd 9
bafi-cgd 2
bafd-cgd 3
bec-cgd 9
dcj-cgd 11
bajg-cgd 7
264
6
bba-cge 5
bfc-cge 4
cci-cge 4
fh-cge 4
ea-cge 5
hai-cge 9
265
5
bgbh-cgf 2
fcc-cgf 10
gie-cgf 9
ibe-cgf 7
dej-cgf 8
266
5
fhc-cgg 3
dib-cgg 2
bdh-cgg 11
bii-cgg 10
bgae-cgg 7
267
5
bdhc-cgh 5
hc-cgh 5
cag-cgh 6
babb-cgh 8
hif-cgh 6
268
5
baaa-cgi 8
daf-cgi 11
fdh-cgi 3
djh-cgi 4
ia-cgi 3
269
4
dgg-cgj 7
eag-cgj 10
ifi-cgj 8
fei-cgj 9
270
6
dcb-cha 7
egj-cha 3
ged-cha 5
dhj-cha 2
gfh-cha 4
bhi-cha 3
271
3
bcbi-chb 5
fff-chb 7
eci-chb 10
272
5
jhd-chc 4
bbfj-chc 2
jfb-chc 4
hba-chc 9
fjc-chc 4
273
4
cjc-chd 4
bfbg-chd 7
dfj-chd 4
ebh-chd 5
274
4
befj-che 11
eah-che 11
dbj-che 3
dej-che 9
275
5
eca-chf 7
fch-chf 11
ehb-chf 6
did-chf 2
hfb-chf 11
276
4
iab-chg 8
edh-chg 10
hja-chg 9
fc-chg 5
277
4
ca-chh 2
ddj-chh 11
cbb-chh 2
cid-chh 8
278
6
bbea-chi 11
bbc-chi 9
ibj-chi 11
cee-chi 4
jeh-chi 3
hga-chi 6
279
6
hhi-chj 10
bgh-chj 9
dia-chj 8
fjd-chj 2
fg-chj 5
jg-chj 5
280
4
jj-cia 10
cce-cia 8
jej-cia 11
eie-cia 11
281
5
bdhb-cib 4
eha-cib 10
bdhh-cib 8
hh-cib 9
bcce-cib 4
282
5
dhi-cic 11
ifd-cic 4
jce-cic 2
igc-cic 2
bbi-cic 8
283
11
cjb-cid 5
cab-cid 11
ehb-cid 6
fcf-cid 10
hgg-cid 7
bii-cid 6
dfa-cid 4
bdh-cid 6
ebi-cid 7
dfd-cid 4
fic-cid 7
284
3
jfi-cie 3
gg-cie 11
bih-cie 9
285
8
bcja-cif 2
bbai-cif 8
dae-cif 6
baed-cif 11
dcb-cif 8
gfe-cif 10
dgb-cif 2
idd-cif 7
286
6
hbj-cig 4
bbac-cig 10
eef-cig 9
dge-cig 8
hai-cig 9
hdd-cig 8
287
2
icg-cih 2
cda-cih 9
288
6
baha-cii 4
ggd-cii 7
gbi-cii 11
gc-cii 6
dad-cii 6
cah-cii 2
289
4
ch-cij 8
dgf-cij 4
bgi-cij 7
cch-cij 4
290
6
bcaa-cja 5
ead-cja 4
ehg-cja 6
hcj-cja 8
ija-cja 9
dge-cja 9
291
4
beba-cjb 2
bagh-cjb 9
eei-cjb 4
jbi-cjb 4
292
4
bada-cjc 2
bfgi-cjc 9
bcih-cjc 7
db-cjc 6
293
2
bdaa-cjd 3
eje-cjd 3
294
3
cea-cje 2
bbi-cje 2
fje-cje 6
295
3
dba-cjf 10
cgb-cjf 4
egf-cjf 2
296
1
cgb-cjg 11
297
5
dci-cjh 3
hhf-cjh 8
da-cjh 8
jfd-cjh 8
he-cjh 8
298
6
bee-cji 7
bdce-cji 11
hbd-cji 4
bdcg-cji 11
id-cji 11
dbj-cji 7
299
6
jah-cjj 7
bfeb-cjj 8
bgh-cjj 3
cc-cjj 7
bcie-cjj 11
fci-cjj 7
300
6
bfde-daa 8
bbhc-daa 7
jjb-daa 11
fh-daa 4
edd-daa 4
ih-daa 8
301
6
hi-dab 3
bef-dab 2
icf-dab 4
cjh-dab 10
bace-dab 3
ede-dab 10
302
5
iid-dac 11
dce-dac 3
fgc-dac 6
bgi-dac 3
de-dac 10
303
4
gfd-dad 8
gcb-dad 5
gfe-dad 7
dab-dad 8
304
4
fce-dae 2
ebf-dae 3
bcib-dae 8
baaa-dae 3
305
7
badi-daf 7
bdcb-daf 2
fbb-daf 7
jae-daf 4
bddb-daf 9
cha-daf 5
bdag-daf 11
306
3
hcd-dag 7
eb-dag 11
jg-dag 7
307
4
ihj-dah 3
ehc-dah 9
ggg-dah 5
cgi-dah 5
308
6
bafa-dai 11
bchi-dai 6
ebd-dai 8
ejb-dai 9
dhc-dai 2
chh-dai 9
309
6
fhj-daj 6
geh-daj 7
dhe-daj 3
dce-daj 5
fae-daj 9
ebb-daj 10
310
3
hhj-dba 7
gdh-dba 3
bff-dba 8
311
4
eaa-dbb 2
cjb-dbb 6
dfc-dbb 2
dgi-dbb 5
312
2
hca-dbc 2
dah-dbc 9
313
5
gcb-dbd 11
ceg-dbd 11
bdjf-dbd 2
bfg-dbd 9
bbg-dbd 11
314
3
dfh-dbe 8
bcaf-dbe 4
dac-dbe 7
315
7
gib-dbf 3
gdc-dbf 10
eid-dbf 3
bbcb-dbf 4
baad-dbf 8
dac-dbf 5
ei-dbf 5
316
3
iag-dbg 2
dab-dbg 9
ffg-dbg 5
317
5
fha-dbh 8
caa-dbh 5
cid-dbh 11
gfj-dbh 4
cdb-dbh 6
318
5
bcaa-dbi 8
edd-dbi 8
ch-dbi 3
fah-dbi 10
eia-dbi 11
319
6
dhd-dbj 5
gjf-dbj 9
cgb-dbj 6
dad-dbj 11
bb-dbj 4
cg-dbj 9
320
5
jbi-dca 3
bda-dca 4
bdii-dca 7
badg-dca 5
a-dca 5
321
6
eda-dcb 3
fi-dcb 5
gad-dcb 11
gbj-dcb 8
efg-dcb 11
jia-dcb 9
322
9
gdi-dcc 11
jah-dcc 7
di-dcc 4
heg-dcc 5
cdd-dcc 5
ddf-dcc 4
chf-dcc 6
fbb-dcc 8
eie-dcc 3
323
4
cg-dcd 8
gda-dcd 9
cfg-dcd 11
gjc-dcd 11
324
4
jef-dce 4
ebg-dce 9
bcg-dce 6
cce-dce 3
325
5
bbja-dcf 10
fea-dcf 6
cgb-dcf 6
bhe-dcf 8
fce-dcf 10
326
3
dca-dcg 3
cd-dcg 3
jjj-dcg 10
327
5
bdgc-dch 10
jai-dch 2
cjc-dch 7
dh-dch 7
eca-dch 7
328
5
bcef-dci 2
ehi-dci 8
cge-dci 5
ddg-dci 4
dae-dci 3
329
5
jcg-dcj 5
begb-dcj 9
bde-dcj 8
dhd-dcj 7
dbj-dcj 7
330
4
bjj-dda 8
dai-dda 2
fjj-dda 7
cea-dda 5
331
6
bdge-ddb 8
ddd-ddb 2
eig-ddb 3
bcea-ddb 10
bbdj-ddb 2
cjb-ddb 9
332
5
dac-ddc 4
beg-ddc 7
bfjb-ddc 6
bja-ddc 8
ia-ddc 11
333
4
beef-ddd 10
bci-ddd 7
hed-ddd 9
gfa-ddd 5
334
9
d-dde 5
gaa-dde 6
bbj-dde 5
ejf-dde 7
ghh-dde 7
dbe-dde 2
fbe-dde 7
ifj-dde 8
ehd-dde 6
335
7
fcf-ddf 11
id-ddf 7
eij-ddf 6
eb-ddf 9
jh-ddf 10
bei-ddf 10
chf-ddf 3
336
3
eid-ddg 4
cgc-ddg 7
cdi-ddg 3
337
4
baa-ddh 2
ech-ddh 6
ef-ddh 7
edi-ddh 9
338
6
fib-ddi 2
jja-ddi 3
ef-ddi 9
ehd-ddi 9
bjc-ddi 8
cfa-ddi 4
339
6
dia-ddj 6
ecg-ddj 3
haa-ddj 11
ihj-ddj 4
ccd-ddj 6
ehi-ddj 6
340
6
ief-dea 4
edh-dea 2
ejd-dea 8
dia-dea 8
bgi-dea 7
ebe-dea 2
341
6
cbi-deb 4
fei-deb 11
hjc-deb 3
hfg-deb 7
hgj-deb 11
hha-deb 4
342
5
bfg-dec 3
fdc-dec 11
bcgh-dec 8
ba-dec 4
bg-dec 2
343
5
ihf-ded 8
gij-ded 9
ddc-ded 4
bdbb-ded 2
jab-ded 7
344
5
cia-dee 4
fji-dee 2
fhb-dee 11
dej-dee 11
dhc-dee 2
345
3
jfi-def 4
bajh-def 7
ceb-def 6
346
6
eec-deg 10
hia-deg 8
fhd-deg 3
cfb-deg 7
bceg-deg 6
cdh-deg 7
347
4
ifa-deh 2
iji-deh 11
dj-deh 4
gcf-deh 10
348
2
fif-dei 8
gjc-dei 8
349
4
dif-dej 9
bcah-dej 3
fda-dej 2
babg-dej 8
350
5
fie-dfa 6
eai-dfa 4
ege-dfa 6
hab-dfa 8
bfb-dfa 9
351
3
e-dfb 6
ehb-dfb 7
bde-dfb 8
352
7
fgj-dfc 6
ca-dfc 4
fgg-dfc 10
eb-dfc 3
ddc-dfc 7
ghb-dfc 3
cjc-dfc 8
353
6
idj-dfd 8
da-dfd 7
gcb-dfd 2
bga-dfd 9
bfcc-dfd 6
bbae-dfd 4
354
4
baac-dfe 8
ii-dfe 4
badc-dfe 4
ejd-dfe 4
355
5
gie-dff 7
hii-dff 5
heg-dff 5
jha-dff 5
ife-dff 4
356
3
eib-dfg 5
dhf-dfg 6
cdj-dfg 9
357
5
bbcb-dfh 9
hg-dfh 6
fee-dfh 9
beci-dfh 11
fhb-dfh 8
358
3
hgh-dfi 6
egd-dfi 2
baac-dfi 11
359
3
bbah-dfj 7
eb-dfj 6
ejd-dfj 2
360
5
cb-dga 5
bcdg-dga 5
fff-dga 11
g-dga 6
dgi-dga 7
361
2
bcae-dgb 10
cad-dgb 3
362
6
jic-dgc 11
c-dgc 11
fib-dgc 9
jja-dgc 11
bc-dgc 9
bdbb-dgc 6
363
9
badi-dgd 10
bfa-dgd 9
ifb-dgd 11
bajj-dgd 11
cbc-dgd 5
bbjf-dgd 5
feh-dgd 2
ebc-dgd 3
ifg-dgd 10
364
6
ef-dge 8
dc-dge 10
bccf-dge 8
beaa-dge 6
hcj-dge 6
ifc-dge 8
365
4
bbba-dgf 7
jfj-dgf 8
bffd-dgf 10
dhf-dgf 11
366
3
bced-dgg 7
bg-dgg 9
dce-dgg 7
367
2
idi-dgh 2
dff-dgh 9
368
5
deb-dgi 8
cgg-dgi 9
ibf-dgi 4
bbf-dgi 3
ceb-dgi 3
369
4
bea-dgj 11
ghb-dgj 2
gg-dgj 9
bcab-dgj 3
370
4
dij-dha 11
jhi-dha 4
ecg-dha 11
dji-dha 7
371
3
ebh-dhb 6
bajb-dhb 4
d-dhb 6
372
7
dbg-dhc 5
bdab-dhc 11
bbce-dhc 10
jii-dhc 5
ccd-dhc 4
bbed-dhc 6
dfg-dhc 5
373
6
baeg-dhd 7
hfh-dhd 9
dgh-dhd 5
ije-dhd 7
cdi-dhd 3
fhc-dhd 2
374
6
bbhi-dhe 5
dca-dhe 2
bbii-dhe 9
ieg-dhe 11
bbhb-dhe 10
ehb-dhe 11
375
5
baga-dhf 11
ebj-dhf 5
ich-dhf 2
bcf-dhf 8
cjd-dhf 11
376
4
ida-dhg 3
bfe-dhg 4
beab-dhg 7
begf-dhg 2
377
5
bdac-dhh 11
dgf-dhh 7
gbg-dhh 5
bbb-dhh 8
bbh-dhh 11
378
6
ihg-dhi 7
fhf-dhi 5
ebh-dhi 9
bcab-dhi 4
fjf-dhi 11
bbbb-dhi 7
379
7
begh-dhj 2
idc-dhj 5
idf-dhj 3
ddj-dhj 6
fce-dhj 4
icc-dhj 3
ecj-dhj 5
380
4
ecg-dia 3
hge-dia 8
bdc-dia 7
jcc-dia 6
381
4
dhj-dib 4
bgg-dib 9
ffd-dib 2
cfd-dib 5
382
8
edj-dic 4
fh-dic 2
bbgj-dic 5
ebi-dic 9
jff-dic 10
hc-dic 7
dih-dic 2
hhd-dic 8
383
6
bab-did 4
bgj-did 6
hid-did 9
eii-did 8
ccj-did 8
dhg-did 5
384
6
baag-die 7
fac-die 9
fea-die 7
jeb-die 10
fig-die 3
dci-die 11
385
1
bbdh-dif 5
386
3
edj-dig 6
fcd-dig 4
hih-dig 7
387
2
bbjg-dih 11
fdg-dih 10
388
2
bage-dii 6
bdeg-dii 3
389
5
ici-dij 4
cga-dij 2
hhe-dij 9
eai-dij 7
bacf-dij 3
390
2
bhe-dja 11
bdhi-dja 11
391
2
jjj-djb 6
eee-djb 11
392
3
jaj-djc 7
ddi-djc 3
dba-djc 7
393
6
cie-djd 4
ifd-djd 4
bejh-djd 7
jif-djd 3
jdd-djd 11
ceb-djd 9
394
7
ddc-dje 8
beaj-dje 6
bbj-dje 7
dbh-dje 11
dbi-dje 8
he-dje 10
hag-dje 8
395
2
di-djf 3
eha-djf 3
396
7
cji-djg 11
efi-djg 2
hca-djg 11
baa-djg 4
bceg-djg 3
bcc-djg 3
jbc-djg 2
397
9
bdef-djh 9
cjc-djh 3
bif-djh 9
ebi-djh 7
beca-djh 10
gdg-djh 6
gai-djh 3
djb-djh 10
bdh-djh 11
398
4
hhj-dji 8
cha-dji 9
cic-dji 7
bahj-dji 3
399
6
jib-djj 8
bbc-djj 3
egi-djj 11
dec-djj 11
caj-djj 2
dda-djj 3
400
7
bee-eaa 4
jbb-eaa 6
hjj-eaa 8
eji-eaa 11
hbg-eaa 4
bif-eaa 8
ghi-eaa 11
401
4
chi-eab 6
bdha-eab 9
fh-eab 6
bbga-eab 11
402
5
cej-eac 8
bagg-eac 11
jhi-eac 3
bcc-eac 9
big-eac 7
403
4
dce-ead 5
caf-ead 10
dj-ead 11
chj-ead 3
404
7
icb-eae 4
bic-eae 9
gdc-eae 7
fed-eae 3
fhi-eae 3
edd-eae 6
gai-eae 6
405
4
fgj-eaf 10
ghj-eaf 10
jc-eaf 3
fde-eaf 7
406
5
hea-eag 7
gff-eag 2
hgb-eag 2
cfa-eag 8
ca-eag 3
407
5
bbcf-eah 8
eca-eah 6
gdj-eah 8
bcaj-eah 9
cgd-eah 10
408
4
bbec-eai 7
efh-eai 2
be-eai 3
ffa-eai 8
409
4
beec-eaj 8
eae-eaj 5
jfa-eaj 4
dfj-eaj 3
410
6
bif-eba 11
bebc-eba 4
feb-eba 11
gih-eba 7
cee-eba 7
bjj-eba 6
411
7
fff-ebb 7
ggb-ebb 11
ffd-ebb 11
iij-ebb 4
fac-ebb 2
beb-ebb 9
ebg-ebb 5
412
3
baej-ebc 4
bjg-ebc 4
ecb-ebc 10
413
8
had-ebd 3
bdae-ebd 5
badb-ebd 2
dgi-ebd 9
ejb-ebd 6
cbb-ebd 5
cag-ebd 3
bcce-ebd 6
414
6
df-ebe 10
bfhc-ebe 11
hfg-ebe 7
dgb-ebe 3
ebb-ebe 11
ceb-ebe 4
415
4
bge-ebf 3
fhf-ebf 8
ijf-ebf 6
bfd-ebf 8
416
3
dcf-ebg 9
fga-ebg 5
ghg-ebg 11
417
4
icg-ebh 10
hdg-ebh 2
bahf-ebh 5
daf-ebh 10
418
3
hfe-ebi 7
ebd-ebi 2
ebc-ebi 5
419
5
djj-ebj 3
jgc-ebj 9
igf-ebj 9
ehi-ebj 9
ghd-ebj 2
420
5
jga-eca 8
dbf-eca 7
eh-eca 2
jff-eca 7
dhi-eca 3
421
2
bchc-ecb 4
daj-ecb 9
422
10
bdch-ecc 3
edi-ecc 11
jc-ecc 4
babd-ecc 7
cd-ecc 11
bdie-ecc 3
gce-ecc 10
idf-ecc 7
ejd-ecc 8
fbe-ecc 6
423
3
jfj-ecd 9
dha-ecd 8
fba-ecd 8
424
4
eaa-ece 5
ecd-ece 9
ici-ece 2
eeh-ece 7
425
6
dgb-ecf 11
beh-ecf 6
cib-ecf 6
eed-ecf 8
dc-ecf 7
dh-ecf 7
426
3
bcca-ecg 9
dfa-ecg 7
fbc-ecg 5
427
5
hcd-ech 3
dbh-ech 9
jjc-ech 2
bajd-ech 6
fcf-ech 10
428
4
hcg-eci 10
jac-eci 5
dh-eci 4
cei-eci 5
429
3
fbc-ecj 4
ihi-ecj 8
gbj-ecj 6
430
7
dhf-eda 10
igj-eda 3
bdcg-eda 11
bbdb-eda 8
eai-eda 6
dgb-eda 6
hbd-eda 9
431
7
jj-edb 4
gdd-edb 3
fb-edb 7
gec-edb 5
iia-edb 5
ff-edb 7
eci-edb 7
432
5
baa-edc 4
ggi-edc 3
ihi-edc 2
dci-edc 9
bhb-edc 10
433
6
cbe-edd 5
bdh-edd 7
gag-edd 7
dfa-edd 10
ebd-edd 10
bai-edd 3
434
4
jh-ede 3
ffi-ede 10
jbb-ede 9
ejb-ede 7
435
6
hba-edf 11
bdfe-edf 8
ci-edf 10
bdag-edf 3
dic-edf 4
fah-edf 5
436
6
cde-edg 11
ie-edg 11
jgh-edg 11
ggd-edg 3
ddc-edg 6
bgd-edg 3
437
5
bbgb-edh 9
hcd-edh 4
beb-edh 4
cfj-edh 3
dah-edh 2
438
9
gie-edi 10
egf-edi 2
bjd-edi 11
baib-edi 3
eja-edi 3
ccg-edi 6
gah-edi 4
bda-edi 10
cfj-edi 11
439
3
egf-edj 9
egj-edj 8
cfb-edj 4
440
4
gcc-eea 4
djh-eea 11
bgj-eea 2
igj-eea 3
441
4
bab-eeb 8
hgh-eeb 2
dec-eeb 9
hei-eeb 8
442
4
dge-eec 10
bha-eec 7
hci-eec 10
cbe-eec 8
443
4
iaa-eed 6
jhc-eed 5
fcg-eed 4
gcd-eed 11
444
3
idg-eee 3
fgi-eee 2
chb-eee 9
445
5
bdg-eef 7
bdcd-eef 6
dej-eef 11
jad-eef 6
bie-eef 5
446
6
dji-eeg 9
cfe-eeg 9
bfc-eeg 5
chg-eeg 10
badg-eeg 4
dcc-eeg 4
447
3
gbb-eeh 8
fbd-eeh 3
bcc-eeh 10
448
5
beed-eei 3
bih-eei 11
fii-eei 7
haj-eei 6
ejc-eei 11
449
4
bcih-eej 7
bcag-eej 11
chc-eej 8
bbif-eej 2
450
7
ii-efa 9
bccg-efa 11
jia-efa 2
hch-efa 6
egc-efa 4
cbb-efa 6
dhd-efa 3
451
3
ehc-efb 3
bbgj-efb 6
eib-efb 11
452
4
ehd-efc 7
fdg-efc 5
bhh-efc 10
hd-efc 9
453
4
fei-efd 7
iac-efd 2
igj-efd 2
bbc-efd 4
454
2
bcdb-efe 10
ija-efe 5
455
5
jge-eff 8
fff-eff 6
bjf-eff 9
hgf-eff 11
bbed-eff 11
456
5
iib-efg 8
bcad-efg 5
bbj-efg 7
fii-efg 10
daf-efg 7
457
7
iic-efh 8
igc-efh 5
ded-efh 4
bbeg-efh 2
dci-efh 3
fde-efh 6
ibb-efh 8
458
3
eec-efi 2
eed-efi 6
icc-efi 9
459
6
bbca-efj 10
bbfa-efj 8
fhc-efj 5
gde-efj 11
efe-efj 7
fje-efj 11
460
8
bja-ega 10
feh-ega 8
bac-ega 3
cbg-ega 10
jca-ega 2
cgd-ega 6
icf-ega 10
bbac-ega 5
461
6
bcdf-egb 7
cdg-egb 7
hic-egb 4
jg-egb 10
fdb-egb 10
efi-egb 5
462
2
ccj-egc 11
ddc-egc 4
463
4
cfa-egd 10
bdhg-egd 9
bbf-egd 10
ebd-egd 10
464
6
dib-ege 3
ifi-ege 6
bg-ege 5
ecb-ege 9
dbb-ege 8
fdb-ege 4
465
4
ifd-egf 7
eae-egf 2
fge-egf 11
cha-egf 6
466
5
idd-egg 3
jia-egg 9
die-egg 8
eaj-egg 5
ed-egg 9
467
3
iid-egh 6
cii-egh 2
gah-egh 6
468
4
ghc-egi 10
hef-egi 2
cdi-egi 3
efa-egi 7
469
6
jdg-egj 4
dbi-egj 3
baih-egj 9
jj-egj 10
ibi-egj 5
ij-egj 5
470
6
cgh-eha 4
bbi-eha 11
eid-eha 6
fgd-eha 6
bjj-eha 8
bcbi-eha 6
471
4
hib-ehb 7
fei-ehb 10
bfc-ehb 3
bj-ehb 2
472
2
iad-ehc 9
cdh-ehc 6
473
4
hcb-ehd 3
hjj-ehd 5
bffb-ehd 6
dfd-ehd 2
474
4
ibh-ehe 5
bebj-ehe 4
di-ehe 9
hje-ehe 11
475
5
cac-ehf 8
fag-ehf 7
caa-ehf 5
jgj-ehf 10
hgh-ehf 11
476
5
edf-ehg 3
hda-ehg 6
bdgh-ehg 4
cgg-ehg 5
ddb-ehg 5
477
5
ecf-ehh 9
dcc-ehh 4
dad-ehh 5
gcc-ehh 5
had-ehh 4
478
3
bbeg-ehi 9
jfd-ehi 6
fef-ehi 8
479
4
hbj-ehj 7
bcgj-ehj 2
eci-ehj 5
baeh-ehj 5
480
5
efb-eia 8
ddb-eia 11
bfa-eia 11
cjj-eia 6
efc-eia 2
481
4
iih-eib 9
bcji-eib 8
bbbe-eib 4
dg-eib 4
482
5
bdfb-eic 8
bfef-eic 3
fhi-eic 2
ebb-eic 9
befh-eic 10
483
6
bdg-eid 8
bddi-eid 4
bfhj-eid 6
hc-eid 5
ejg-eid 8
fbg-eid 6
484
5
bbaf-eie 5
gbb-eie 6
ffj-eie 9
gcf-eie 11
baf-eie 2
485
4
fdf-eif 2
hac-eif 9
daa-eif 6
djj-eif 3
486
4
bfeh-eig 9
fdf-eig 9
edi-eig 11
ede-eig 5
487
5
jc-eih 3
daa-eih 8
efh-eih 2
cag-eih 5
ifi-eih 9
488
4
bfdi-eii 2
cfd-eii 11
bgb-eii 11
fij-eii 4
489
5
ief-eij 11
dcc-eij 5
jae-eij 9
dfg-eij 4
bje-eij 5
490
3
babi-eja 5
iaj-eja 8
hej-eja 2
491
3
ibd-ejb 2
bhc-ejb 3
cdi-ejb 5
492
6
daj-ejc 11
ggd-ejc 7
bcbe-ejc 5
gji-ejc 11
hgb-ejc 6
eia-ejc 3
493
2
ige-ejd 3
iic-ejd 6
494
6
ebj-eje 4
iei-eje 9
gic-eje 11
ege-eje 11
cif-eje 8
bfj-eje 5
495
3
bfja-ejf 2
bgb-ejf 7
ecf-ejf 6
496
4
feg-ejg 9
chd-ejg 6
eb-ejg 4
ghb-ejg 2
497
4
egb-ejh 6
idi-ejh 7
bbi-ejh 10
iaa-ejh 3
498
5
hfb-eji 2
cdd-eji 5
cgh-eji 5
d-eji 10
dih-eji 2
499
2
chf-ejj 2
hif-ejj 5
500
5
bbba-faa 6
deg-faa 7
ice-faa 7
dhg-faa 11
dfb-faa 4
501
2
dbf-fab 6
dda-fab 9
502
5
hbc-fac 7
bbii-fac 7
hdh-fac 5
cbh-fac 3
cbi-fac 5
503
6
fgd-fad 9
iej-fad 5
bdjg-fad 11
baei-fad 9
dih-fad 2
cfh-fad 11
504
4
bdia-fae 5
baba-fae 9
fje-fae 8
fej-fae 5
505
3
hid-faf 8
bcja-faf 4
ice-faf 5
506
5
dbf-fag 6
bahb-fag 5
jif-fag 8
hcd-fag 4
ggd-fag 7
507
2
jbj-fah 8
bjf-fah 9
508
5
fdh-fai 10
gdj-fai 5
badj-fai 3
eff-fai 10
bcj-fai 10
509
6
bhe-faj 5
ggb-faj 7
ga-faj 11
iii-faj 4
ghi-faj 8
fgi-faj 3
510
4
bbdb-fba 10
dii-fba 5
cdi-fba 2
bge-fba 4
511
5
jgi-fbb 10
geh-fbb 3
jih-fbb 3
fid-fbb 11
fic-fbb 3
512
4
ejh-fbc 5
eeg-fbc 6
fej-fbc 11
baag-fbc 2
513
5
bih-fbd 11
jhc-fbd 10
hej-fbd 6
eai-fbd 4
ejj-fbd 7
514
3
bajc-fbe 6
bceh-fbe 11
fgi-fbe 9
515
1
jbh-fbf 3
516
2
dff-fbg 5
edb-fbg 6
517
6
bcjg-fbh 4
bc-fbh 3
fdh-fbh 4
fgb-fbh 5
hca-fbh 3
ib-fbh 7
518
5
bjb-fbi 4
eah-fbi 5
ebf-fbi 9
cfg-fbi 4
dcc-fbi 9
519
6
hdc-fbj 7
fch-fbj 3
ieg-fbj 4
hb-fbj 10
beig-fbj 11
fdc-fbj 7
520
5
bccg-fca 5
gaj-fca 10
dce-fca 4
jib-fca 5
bcie-fca 7
521
5
h-fcb 7
bcdf-fcb 3
bhb-fcb 7
hbb-fcb 3
fij-fcb 2
522
4
bfca-fcc 4
gbd-fcc 5
gic-fcc 11
fjh-fcc 4
523
4
cba-fcd 4
ghf-fcd 6
cae-fcd 8
hib-fcd 4
524
3
gia-fce 10
baec-fce 9
gjh-fce 2
525
7
baib-fcf 2
cce-fcf 8
ehe-fcf 10
cgf-fcf 7
ebi-fcf 5
bff-fcf 5
ejd-fcf 6
526
4
bcah-fcg 6
gcc-fcg 2
bbe-fcg 6
eig-fcg 2
527
8
ecb-fch 3
eae-fch 10
fcf-fch 2
bcee-fch 11
beaj-fch 7
hfc-fch 9
bfgh-fch 2
cjb-fch 4
528
8
dfh-fci 11
bbea-fci 5
iba-fci 4
dei-fci 7
fhg-fci 8
dfd-fci 11
bjf-fci 11
iei-fci 4
529
6
heb-fcj 7
hge-fcj 8
ffb-fcj 3
ghc-fcj 7
fcg-fcj 2
egd-fcj 7
530
6
bbbd-fda 9
cfd-fda 7
bhi-fda 2
edf-fda 7
bhj-fda 2
gca-fda 3
531
5
eha-fdb 8
def-fdb 7
ffg-fdb 9
bcga-fdb 2
ccf-fdb 9
532
6
bahi-fdc 3
cif-fdc 10
dad-fdc 6
dhh-fdc 8
bbjb-fdc 7
eg-fdc 7
533
9
bei-fdd 3
baei-fdd 3
hid-fdd 10
eaf-fdd 5
edd-fdd 7
bfha-fdd 2
dfb-fdd 3
baif-fdd 5
bfie-fdd 5
534
3
jj-fde 11
egb-fde 4
fih-fde 8
535
6
fdg-fdf 6
cgg-fdf 3
ibe-fdf 2
gdc-fdf 4
fbj-fdf 10
bade-fdf 7
536
5
gje-fdg 6
bach-fdg 5
gbh-fdg 5
bdhg-fdg 5
bhi-fdg 9
537
7
deb-fdh 2
cjd-fdh 10
ffa-fdh 4
hjd-fdh 8
cdc-fdh 4
bcjh-fdh 3
gf-fdh 10
538
2
jii-fdi 11
bh-fdi 2
539
2
bdfh-fdj 9
hbh-fdj 6
540
5
bbia-fea 11
caf-fea 10
bceb-fea 10
bdcd-fea 6
ee-fea 8
541
6
ieb-feb 11
ibd-feb 4
dfh-feb 2
hgh-feb 11
cid-feb 2
ih-feb 5
542
3
bfij-fec 6
bfcg-fec 7
ffe-fec 4
543
5
hdi-fed 7
bbhb-fed 11
fdh-fed 8
eac-fed 10
fjd-fed 3
544
5
bbaa-fee 4
ecb-fee 11
be-fee 6
fff-fee 7
ihf-fee 10
545
5
bfdg-fef 10
je-fef 9
bbfh-fef 3
dfe-fef 7
bdad-fef 6
546
6
hgh-feg 10
bcgj-feg 6
ihh-feg 8
bi-feg 10
bd-feg 9
ijc-feg 3
547
5
hei-feh 8
djg-feh 8
chc-feh 6
bch-feh 6
bbdc-feh 4
548
6
begd-fei 2
bcgi-fei 6
eeg-fei 3
fbi-fei 7
ffc-fei 8
dbc-fei 11
549
4
gcg-fej 9
hhe-fej 5
eji-fej 6
dfe-fej 5
550
5
bfef-ffa 8
gch-ffa 11
idb-ffa 2
dce-ffa 4
df-ffa 8
551
7
i-ffb 5
dab-ffb 6
ica-ffb 11
jfe-ffb 6
cfd-ffb 7
cbd-ffb 9
gda-ffb 10
552
4
bdj-ffc 7
bgc-ffc 11
hbb-ffc 6
ejg-ffc 4
553
3
dij-ffd 5
eia-ffd 2
jaf-ffd 3
554
2
hdc-ffe 7
baba-ffe 4
555
7
hfd-fff 9
baae-fff 4
jbf-fff 7
edi-fff 8
baj-fff 2
fgj-fff 9
chc-fff 2
556
1
ffi-ffg 8
557
2
e-ffh 2
fja-ffh 2
558
5
bcdd-ffi 6
cdj-ffi 9
gaj-ffi 3
cif-ffi 4
fed-ffi 7
559
4
gfi-ffj 6
gih-ffj 7
dfd-ffj 7
baid-ffj 6
560
8
eae-fga 6
gei-fga 10
bhe-fga 4
igi-fga 5
ceb-fga 9
bdib-fga 10
cie-fga 7
bbhg-fga 4
561
3
gff-fgb 2
eei-fgb 8
dba-fgb 5
562
5
bagf-fgc 4
cjb-fgc 9
dbd-fgc 6
dgd-fgc 4
jad-fgc 11
563
6
bfic-fgd 10
ffa-fgd 10
bfff-fgd 9
bie-fgd 5
fb-fgd 11
dij-fgd 6
564
2
gjf-fge 9
ibf-fge 2
565
2
ha-fgf 7
def-fgf 11
566
2
ice-fgg 9
bih-fgg 2
567
3
jcf-fgh 4
jjf-fgh 2
dbh-fgh 7
568
4
dfg-fgi 7
eeh-fgi 4
bcbi-fgi 10
hjf-fgi 6
569
4
ghj-fgj 9
bdc-fgj 10
gbh-fgj 3
egh-fgj 7
570
3
fhc-fha 5
bfig-fha 9
bfi-fha 5
571
6
bfcb-fhb 6
beeb-fhb 11
feb-fhb 10
beaa-fhb 2
bajf-fhb 10
hfe-fhb 8
572
6
bgea-fhc 4
bfed-fhc 3
bbi-fhc 11
ijj-fhc 11
cba-fhc 4
hch-fhc 9
573
4
dea-fhd 11
cih-fhd 4
dgi-fhd 6
hic-fhd 4
574
5
dic-fhe 6
hci-fhe 7
jbe-fhe 11
ebh-fhe 2
gge-fhe 2
575
2
ffb-fhf 3
gad-fhf 4
576
4
bbfh-fhg 11
fjc-fhg 4
da-fhg 8
jbb-fhg 9
577
1
cba-fhh 9
578
4
jcb-fhi 6
bcgj-fhi 3
bja-fhi 3
idd-fhi 8
579
5
fag-fhj 7
ii-fhj 11
fgf-fhj 10
gaj-fhj 10
bgde-fhj 6
580
4
gcc-fia 5
hga-fia 4
cdd-fia 4
bb-fia 5
581
3
bag-fib 9
fgb-fib 3
gjb-fib 7
582
6
bgaj-fic 8
cea-fic 4
hgg-fic 3
ifh-fic 8
ijd-fic 9
cif-fic 11
583
6
bbaa-fid 2
fh-fid 5
cih-fid 9
gif-fid 4
hh-fid 2
cdd-fid 10
584
3
efe-fie 8
bccf-fie 2
ffb-fie 2
585
4
gge-fif 6
bfcg-fif 7
ibj-fif 3
bbc-fif 9
586
6
eib-fig 2
bjc-fig 3
dec-fig 11
ejg-fig 4
bfj-fig 3
gfa-fig 11
587
3
id-fih 10
bcc-fih 5
ed-fih 6
588
4
bagb-fii 6
gde-fii 4
bcfh-fii 5
haf-fii 7
589
3
ebj-fij 9
fdf-fij 3
bdfi-fij 7
590
3
edj-fja 8
bhf-fja 10
cih-fja 9
591
9
hae-fjb 5
gef-fjb 2
bggb-fjb 10
caa-fjb 2
cja-fjb 4
hc-fjb 5
egg-fjb 6
cij-fjb 3
gcg-fjb 8
592
5
cie-fjc 4
bcff-fjc 10
hdf-fjc 9
baee-fjc 4
dbg-fjc 5
593
2
cif-fjd 8
ecc-fjd 10
594
4
hci-fje 5
bbac-fje 5
hdj-fje 7
fba-fje 9
595
3
fhc-fjf 6
bahg-fjf 6
jhf-fjf 11
596
2
bcfe-fjg 5
bhg-fjg 9
597
6
babb-fjh 6
baij-fjh 2
g-fjh 8
ei-fjh 4
ddd-fjh 6
fdf-fjh 4
598
9
iga-fji 5
jbi-fji 10
fij-fji 2
ehf-fji 9
ejc-fji 4
hh-fji 7
bddi-fji 3
cdf-fji 10
bgb-fji 4
599
3
bbg-fjj 4
gj-fjj 3
ddi-fjj 10
600
4
bacj-gaa 8
gbb-gaa 2
gjf-gaa 8
gie-gaa 6
601
3
gdh-gab 6
ca-gab 3
ejg-gab 8
602
1
cca-gac 5
603
6
hij-gad 5
jjh-gad 5
bdfe-gad 6
bjc-gad 11
bf-gad 3
cdf-gad 6
604
7
bfi-gae 4
jci-gae 11
hca-gae 9
bd-gae 7
ghc-gae 4
eig-gae 4
ceb-gae 11
605
1
bjh-gaf 2
606
5
dgc-gag 7
jij-gag 7
dff-gag 8
bcba-gag 10
bahg-gag 8
607
5
iaf-gah 5
fac-gah 10
ici-gah 7
cdd-gah 8
cjc-gah 7
608
2
daa-gai 10
gff-gai 11
609
4
bcde-gaj 3
di-gaj 7
iae-gaj 8
ccf-gaj 2
610
5
bbib-gba 6
bbge-gba 7
fdi-gba 10
hgc-gba 4
gcb-gba 3
611
6
eja-gbb 10
cgb-gbb 7
bfjj-gbb 11
dhf-gbb 8
becb-gbb 10
efh-gbb 6
612
6
baab-gbc 5
bej-gbc 10
bbhc-gbc 10
bbh-gbc 4
hb-gbc 2
ga-gbc 8
613
4
fcb-gbd 2
bbcd-gbd 9
cg-gbd 11
gca-gbd 7
614
1
bgfd-gbe 2
615
4
bdcf-gbf 5
ccj-gbf 8
fgd-gbf 7
bbeh-gbf 8
616
4
bbcb-gbg 2
dhh-gbg 4
hhb-gbg 8
dga-gbg 8
617
3
dje-gbh 2
ff-gbh 11
ejj-gbh 4
618
7
bacg-gbi 4
ifc-gbi 6
dbi-gbi 10
dib-gbi 8
bbeh-gbi 11
ej-gbi 2
cfd-gbi 11
619
4
bbfi-gbj 5
gch-gbj 6
jej-gbj 9
eaa-gbj 2
620
7
jig-gca 10
bbfc-gca 7
gfd-gca 8
haj-gca 7
hbg-gca 10
iid-gca 3
ddd-gca 4
621
6
bfbd-gcb 6
bafh-gcb 2
bch-gcb 6
cab-gcb 11
bbbb-gcb 10
jca-gcb 11
622
8
bbii-gcc 11
baad-gcc 9
cdh-gcc 6
bafc-gcc 10
baee-gcc 8
ejb-gcc 6
iie-gcc 7
gaj-gcc 10
623
4
egf-gcd 8
bbjd-gcd 9
ja-gcd 5
bgbi-gcd 6
624
3
dhb-gce 10
bdfi-gce 11
fai-gce 3
625
3
baii-gcf 9
cgj-gcf 9
daf-gcf 7
626
4
ijg-gcg 3
cce-gcg 6
hgd-gcg 11
chg-gcg 3
627
5
bdc-gch 7
fjh-gch 2
ffb-gch 11
cih-gch 10
eja-gch 3
628
6
igb-gci 6
bga-gci 11
cea-gci 4
gid-gci 2
fdc-gci 7
ghh-gci 4
629
2
ebb-gcj 5
ged-gcj 10
630
2
bdcf-gda 9
ihh-gda 5
631
4
eah-gdb 4
bbg-gdb 7
bdci-gdb 6
cb-gdb 11
632
5
cah-gdc 4
ifc-gdc 6
igj-gdc 9
gbe-gdc 10
babf-gdc 11
633
4
hfi-gdd 8
bcag-gdd 7
dgb-gdd 2
efh-gdd 7
634
5
baeb-gde 3
cdd-gde 8
gba-gde 8
hed-gde 11
gah-gde 2
635
4
bhc-gdf 8
bchf-gdf 5
hjh-gdf 10
gfe-gdf 7
636
5
bddj-gdg 9
hag-gdg 6
db-gdg 10
bajh-gdg 4
gfd-gdg 3
637
4
jci-gdh 3
bdfd-gdh 8
iih-gdh 3
if-gdh 7
638
1
jcc-gdi 10
639
3
gjg-gdj 11
dib-gdj 8
cei-gdj 11
640
5
eaa-gea 2
dea-gea 9
jh-gea 7
edi-gea 9
cda-gea 2
641
5
hhd-geb 3
begg-geb 11
hfa-geb 10
eff-geb 7
fcb-geb 3
642
2
ihd-gec 9
ffc-gec 8
643
1
bdbj-ged 5
644
1
dda-gee 10
645
4
dfi-gef 9
bdgj-gef 11
gij-gef 10
gfh-gef 11
646
4
bfcj-geg 6
baaa-geg 11
cie-geg 4
gaj-geg 7
647
4
jg-geh 9
iai-geh 2
bjh-geh 9
gah-geh 2
648
4
iba-gei 5
daf-gei 5
ffa-gei 4
eeb-gei 10
649
5
fec-gej 2
hgi-gej 5
cab-gej 4
bge-gej 8
gda-gej 5
650
2
hbc-gfa 11
bgeg-gfa 3
651
4
jhj-gfb 10
gfj-gfb 6
g-gfb 4
bcbi-gfb 3
652
4
bche-gfc 8
baha-gfc 3
bcb-gfc 11
ccf-gfc 3
653
3
gch-gfd 7
bdbg-gfd 6
hjb-gfd 7
654
3
baci-gfe 9
bif-gfe 2
hfa-gfe 3
655
7
eci-gff 4
idi-gff 3
ehe-gff 2
bga-gff 7
egf-gff 10
hh-gff 11
jbi-gff 4
656
4
bahh-gfg 8
chc-gfg 4
cef-gfg 11
jaj-gfg 8
657
4
iga-gfh 10
jaj-gfh 4
ffb-gfh 8
bi-gfh 10
658
5
becd-gfi 4
ech-gfi 10
ghc-gfi 6
jeh-gfi 7
dbd-gfi 5
659
1
bdba-gfj 2
660
3
gbc-gga 8
bhe-gga 8
hhe-gga 4
661
4
eae-ggb 9
bee-ggb 3
bej-ggb 6
igf-ggb 10
662
2
bgae-ggc 9
id-ggc 11
663
4
jhh-ggd 9
cjh-ggd 2
igd-ggd 10
djj-ggd 7
664
9
efd-gge 7
beg-gge 6
bdc-gge 10
ehc-gge 4
beai-gge 3
ifg-gge 7
bfid-gge 6
gaj-gge 3
eeb-gge 4
665
5
jfj-ggf 2
feh-ggf 6
ibj-ggf 3
hab-ggf 10
bcdj-ggf 9
666
4
dij-ggg 4
die-ggg 5
bih-ggg 3
caf-ggg 9
667
1
cab-ggh 10
668
3
cgh-ggi 7
bfc-ggi 6
cbc-ggi 8
670
4
ifc-gha 6
gdh-gha 5
gii-gha 3
bfgj-gha 10
671
6
bbfg-ghb 3
idb-ghb 9
bgae-ghb 4
bgef-ghb 6
bbff-ghb 7
ccg-ghb 2
672
8
cib-ghc 6
fhi-ghc 5
beid-ghc 2
begg-ghc 8
bch-ghc 8
fea-ghc 3
efi-ghc 8
jjf-ghc 3
673
3
egj-ghd 3
bae-ghd 5
did-ghd 7
674
3
cji-ghe 7
ccb-ghe 11
ggg-ghe 8
675
1
ggb-ghf 2
676
4
fhb-ghg 9
cej-ghg 9
dhh-ghg 9
fdj-ghg 4
677
3
fdi-ghh 9
cbc-ghh 8
bacj-ghh 10
678
4
daf-ghi 6
cic-ghi 7
hai-ghi 4
bge-ghi 7
679
5
bcbc-ghj 2
fcd-ghj 4
hec-ghj 2
eig-ghj 7
fdb-ghj 5
680
4
egg-gia 10
ied-gia 3
hbf-gia 4
ccg-gia 2
681
3
bbhf-gib 3
ehj-gib 3
cic-gib 6
682
5
dhi-gic 2
fed-gic 6
gge-gic 5
bbga-gic 3
bjc-gic 3
683
2
ddg-gid 2
cjj-gid 9
684
3
ici-gie 4
iih-gie 10
ihe-gie 4
685
5
hge-gif 2
jea-gif 8
bcig-gif 6
gdf-gif 7
bcdi-gif 3
686
4
ijf-gig 7
gj-gig 4
bbe-gig 2
cec-gig 7
687
5
die-gih 11
badc-gih 8
fic-gih 4
bbfb-gih 9
baai-gih 10
688
3
baab-gii 10
ib-gii 4
cgf-gii 11
689
5
ehh-gij 2
bei-gij 4
ibd-gij 5
ehf-gij 6
fgh-gij 11
690
2
ecd-gja 6
bajc-gja 10
691
1
ebc-gjb 4
692
5
behb-gjc 11
hji-gjc 3
hg-gjc 7
gbe-gjc 8
ca-gjc 9
693
1
gad-gjd 4
694
4
bhc-gje 8
bbdf-gje 10
b-gje 9
eca-gje 4
695
3
ieg-gjf 2
dig-gjf 3
hdh-gjf 4
696
6
behg-gjg 9
bbic-gjg 5
bdda-gjg 9
egg-gjg 3
dci-gjg 10
bfb-gjg 11
697
3
cbg-gjh 8
cje-gjh 5
dfd-gjh 9
698
2
bbgf-gji 7
ghe-gji 7
699
4
iii-gjj 3
hhe-gjj 3
cg-gjj 3
fbi-gjj 3
700
4
dbe-haa 11
bjj-haa 11
bcea-haa 2
dg-haa 3
701
3
gc-hab 10
bcfg-hab 5
fij-hab 11
702
4
bcbg-hac 6
gdb-hac 9
gid-hac 7
eif-hac 2
703
1
iec-had 8
704
6
bbic-hae 11
ije-hae 10
hea-hae 5
chi-hae 5
idb-hae 7
fac-hae 9
705
5
jda-haf 8
jji-haf 8
bbcd-haf 11
gic-haf 8
cdd-haf 5
706
6
hje-hag 6
ecj-hag 8
bcgb-hag 2
dic-hag 9
beje-hag 6
dfg-hag 7
707
4
fda-hah 7
efj-hah 6
dcd-hah 7
ghg-hah 9
708
3
hfh-hai 5
bce-hai 9
bfh-hai 9
709
1
bdjj-haj 6
710
3
bdbi-hba 3
bega-hba 4
gee-hba 2
711
4
cgj-hbb 10
fac-hbb 9
cfb-hbb 7
eee-hbb 10
712
3
ffc-hbc 10
jdg-hbc 10
bdif-hbc 5
713
6
bei-hbd 5
eij-hbd 6
bdff-hbd 8
jjf-hbd 5
iah-hbd 2
bcbd-hbd 7
714
3
fc-hbe 9
fji-hbe 6
edh-hbe 2
715
3
fcf-hbf 4
dga-hbf 10
jf-hbf 6
716
5
gde-hbg 4
bdjf-hbg 11
ife-hbg 4
egh-hbg 2
jh-hbg 11
717
4
babe-hbh 8
ci-hbh 7
dbj-hbh 8
ifg-hbh 11
718
2
jfh-hbi 8
egd-hbi 10
719
2
bedf-hbj 3
jge-hbj 5
720
7
hcf-hca 10
cib-hca 2
ibe-hca 11
jid-hca 7
ead-hca 4
g-hca 10
ejj-hca 2
721
5
bahd-hcb 3
bdfa-hcb 3
ffe-hcb 11
cha-hcb 6
jba-hcb 7
722
2
cie-hcc 10
iee-hcc 8
723
5
bgi-hcd 7
jee-hcd 10
bdhb-hcd 7
ghf-hcd 3
hhf-hcd 8
724
7
ejf-hce 9
bchf-hce 8
dha-hce 2
eab-hce 5
beaf-hce 2
gfj-hce 10
bde-hce 7
725
5
gad-hcf 4
b-hcf 6
bbae-hcf 3
hhc-hcf 9
cih-hcf 5
726
4
ibf-hcg 9
ja-hcg 8
jjg-hcg 10
baed-hcg 7
727
4
gdg-hch 9
fci-hch 7
ghe-hch 8
jcb-hch 6
728
5
bdff-hci 9
ggi-hci 11
fbf-hci 11
geh-hci 10
baef-hci 9
729
6
bbgd-hcj 5
eec-hcj 11
ejb-hcj 6
hdb-hcj 8
bbbg-hcj 2
jd-hcj 6
730
5
dec-hda 4
idc-hda 11
ffb-hda 5
eda-hda 4
ea-hda 9
731
4
bfhg-hdb 3
bejg-hdb 7
fei-hdb 10
jh-hdb 3
732
6
befb-hdc 6
bdac-hdc 8
jbf-hdc 10
cbi-hdc 4
cej-hdc 10
gig-hdc 5
733
4
bdg-hdd 4
cih-hdd 8
ejb-hdd 5
bcf-hdd 5
734
3
jfh-hde 3
bbjf-hde 4
gdj-hde 4
735
5
bbha-hdf 6
dci-hdf 9
gbh-hdf 10
bcfg-hdf 6
fad-hdf 8
736
3
fjc-hdg 10
eba-hdg 8
dac-hdg 3
737
3
fec-hdh 5
ihb-hdh 4
baga-hdh 7
738
3
beah-hdi 6
bic-hdi 2
iae-hdi 3
739
4
haa-hdj 11
eci-hdj 7
bci-hdj 2
jbj-hdj 5
740
8
befg-hea 3
fdf-hea 7
djb-hea 10
bdfd-hea 6
cb-hea 11
jjg-hea 10
bcji-hea 5
jb-hea 3
741
2
icg-heb 11
fab-heb 10
742
4
bdhc-hec 6
fai-hec 8
bfjg-hec 6
bdda-hec 11
743
3
bcbg-hed 4
bfei-hed 9
ffe-hed 3
744
3
bfhd-hee 9
gbf-hee 11
ijb-hee 9
745
5
bjd-hef 3
bfch-hef 2
beg-hef 7
bge-hef 3
gha-hef 4
746
3
bcdd-heg 8
ceb-heg 4
fid-heg 6
747
4
hii-heh 10
dcb-heh 10
ggc-heh 9
ed-heh 9
748
3
if-hei 4
fad-hei 5
ie-hei 9
749
4
bgbd-hej 10
cec-hej 4
ccd-hej 7
gcc-hej 8
750
5
dgc-hfa 8
jhg-hfa 6
befe-hfa 5
bdi-hfa 4
jga-hfa 6
751
5
icd-hfb 8
bff-hfb 9
gc-hfb 8
beh-hfb 10
egc-hfb 4
752
3
gjh-hfc 3
gab-hfc 2
bcdc-hfc 3
753
4
bad-hfd 2
eih-hfd 9
ddc-hfd 7
bcec-hfd 2
754
4
bahd-hfe 5
ejg-hfe 5
dfb-hfe 11
gac-hfe 2
755
3
hge-hff 5
bbci-hff 8
bacc-hff 7
756
3
bbac-hfg 9
gfd-hfg 6
ij-hfg 5
757
5
ede-hfh 3
ihf-hfh 9
ibb-hfh 10
bbaj-hfh 5
eci-hfh 8
758
3
beih-hfi 6
eci-hfi 3
heb-hfi 8
759
3
bfhi-hfj 6
gaa-hfj 8
jfc-hfj 10
760
2
bbg-hga 8
fdb-hga 10
761
6
bccd-hgb 5
hfc-hgb 4
bdf-hgb 11
iaj-hgb 7
gcc-hgb 5
dfj-hgb 10
762
4
hje-hgc 10
fea-hgc 8
fia-hgc 5
dej-hgc 9
763
2
bedb-hgd 7
bbfa-hgd 10
764
3
beff-hge 11
efg-hge 3
jdc-hge 3
765
4
icd-hgf 7
fea-hgf 4
bafe-hgf 7
bci-hgf 2
766
3
ddc-hgg 4
baib-hgg 3
ehf-hgg 10
767
2
dej-hgh 4
deg-hgh 5
768
4
cdb-hgi 4
baja-hgi 11
baai-hgi 9
hah-hgi 2
769
1
bbjj-hgj 2
770
6
ihj-hha 10
ii-hha 9
hdd-hha 3
baad-hha 2
bi-hha 7
dag-hha 11
771
5
dfa-hhb 2
bbaj-hhb 5
gfa-hhb 8
fj-hhb 7
bbaa-hhb 2
772
3
beff-hhc 8
fhc-hhc 6
eia-hhc 2
773
4
gaa-hhd 7
ch-hhd 9
bdec-hhd 10
bbd-hhd 4
774
5
dji-hhe 6
eff-hhe 5
gja-hhe 7
bdfa-hhe 11
fcd-hhe 10
775
4
bafj-hhf 3
dag-hhf 7
bcf-hhf 11
ed-hhf 10
776
4
hbb-hhg 6
dgd-hhg 2
ga-hhg 6
bcd-hhg 4
777
2
ebd-hhh 5
haa-hhh 9
778
2
bdci-hhi 4
dcj-hhi 10
779
7
bfag-hhj 7
jec-hhj 6
hie-hhj 5
beb-hhj 3
chi-hhj 11
cbg-hhj 8
idc-hhj 5
780
3
jdd-hia 9
dbf-hia 7
bbie-hia 10
781
3
bbi-hib 3
bbfb-hib 8
ccc-hib 3
782
4
bgcf-hic 4
dhd-hic 4
dcc-hic 2
chh-hic 2
783
1
bgdg-hid 5
784
2
bjg-hie 10
bgbb-hie 5
785
3
ggc-hif 11
cii-hif 11
fje-hif 11
786
3
fig-hig 5
che-hig 3
gb-hig 6
787
5
ddh-hih 11
bfg-hih 10
iaf-hih 5
eii-hih 9
bdbe-hih 9
788
4
cgi-hii 6
djb-hii 8
fej-hii 4
jaj-hii 2
789
6
dif-hij 5
bji-hij 8
hag-hij 9
bbbd-hij 4
jff-hij 7
fj-hij 11
790
2
gbd-hja 6
fae-hja 10
791
3
cfh-hjb 2
cbb-hjb 4
bde-hjb 10
792
7
bbfi-hjc 5
bfhe-hjc 2
hbi-hjc 11
gaj-hjc 11
ifd-hjc 2
edj-hjc 10
hcc-hjc 11
793
2
fef-hjd 5
bbd-hjd 2
794
2
fgj-hje 10
bdja-hje 5
795
3
edj-hjf 8
beji-hjf 8
gid-hjf 9
796
7
cfa-hjg 5
gdj-hjg 4
igd-hjg 10
jgg-hjg 7
jdh-hjg 4
eda-hjg 10
gci-hjg 10
797
2
caj-hjh 7
bcg-hjh 2
798
3
hfj-hji 10
bba-hji 4
iac-hji 6
799
7
bgc-hjj 5
fgd-hjj 2
fe-hjj 7
gah-hjj 6
bace-hjj 5
cjf-hjj 3
beea-hjj 2
800
6
dhc-iaa 10
jcg-iaa 8
cij-iaa 2
ead-iaa 7
deb-iaa 3
eef-iaa 7
801
3
ech-iab 5
bdbh-iab 11
cdh-iab 4
802
3
hbi-iac 8
hia-iac 6
eic-iac 8
803
5
cgd-iad 2
jcd-iad 11
dd-iad 2
d-iad 4
cba-iad 3
804
5
bcd-iae 10
cdf-iae 8
cib-iae 7
cjg-iae 8
fjd-iae 9
805
4
gjf-iaf 2
ecj-iaf 9
ejf-iaf 4
jd-iaf 9
806
4
bage-iag 10
ejg-iag 7
ihd-iag 11
begg-iag 10
807
2
dad-iah 7
fei-iah 9
808
4
beja-iai 8
dje-iai 10
jh-iai 8
gf-iai 6
809
3
bddg-iaj 2
gbh-iaj 2
gci-iaj 5
810
5
bafb-iba 3
bcb-iba 2
bbba-iba 3
bbbj-iba 3
ejb-iba 2
811
2
iha-ibb 4
bead-ibb 3
812
2
egb-ibc 9
bbgf-ibc 2
813
2
bgcj-ibd 9
bdhd-ibd 9
814
3
fba-ibe 4
bbcc-ibe 9
jbe-ibe 11
815
3
bffh-ibf 10
dje-ibf 7
dih-ibf 11
816
4
fhg-ibg 11
bafg-ibg 11
efj-ibg 9
ceb-ibg 3
817
3
babb-ibh 3
eja-ibh 2
bahj-ibh 2
818
5
bjc-ibi 6
fdi-ibi 7
jib-ibi 3
fii-ibi 5
gi-ibi 9
819
4
hae-ibj 2
bbcd-ibj 3
dfd-ibj 2
bbdb-ibj 9
820
5
becf-ica 3
jde-ica 6
dgi-ica 7
bcfh-ica 9
edc-ica 4
821
3
hfi-icb 5
fhj-icb 5
fib-icb 6
822
2
fdh-icc 9
edb-icc 5
823
5
jaj-icd 4
jaa-icd 11
hj-icd 6
hcd-icd 4
eig-icd 4
824
3
ehd-ice 2
jfh-ice 2
hgi-ice 8
825
4
fce-icf 2
cih-icf 5
dbb-icf 8
bcha-icf 2
826
3
bcdi-icg 9
bjj-icg 5
gcg-icg 9
827
2
beei-ich 9
djd-ich 4
828
3
cj-ici 5
jc-ici 10
dfa-ici 4
829
2
jie-icj 10
hbe-icj 8
830
5
bcfd-ida 6
hee-ida 11
ehj-ida 10
jbh-ida 6
bhf-ida 5
831
7
bach-idb 11
ghi-idb 10
fce-idb 3
cdh-idb 7
bfjd-idb 7
cii-idb 4
jcb-idb 7
832
3
gjg-idc 2
iij-idc 5
djj-idc 9
833
4
bfda-idd 8
fj-idd 11
bbah-idd 2
fih-idd 11
834
1
fgc-ide 4
835
5
efa-idf 5
dh-idf 7
dii-idf 5
jhi-idf 2
bajg-idf 6
836
4
dhd-idg 10
bfi-idg 4
bagf-idg 3
ic-idg 2
837
3
bad-idh 2
gdg-idh 7
hhg-idh 11
838
5
bgfa-idi 8
bbdd-idi 11
ech-idi 10
hhc-idi 8
baeh-idi 5
839
3
bcc-idj 3
fdj-idj 4
bgf-idj 10
840
4
bebf-iea 6
bij-iea 11
chb-iea 3
eeb-iea 8
841
3
bdaj-ieb 3
fhb-ieb 3
bbie-ieb 5
842
5
hfg-iec 2
iff-iec 11
hfh-iec 7
fgf-iec 7
bbca-iec 3
843
4
jac-ied 10
bbid-ied 10
hhb-ied 2
bche-ied 3
844
3
efc-iee 2
bdcd-iee 5
baje-iee 11
845
4
ea-ief 5
bbah-ief 2
bfc-ief 5
hag-ief 2
846
5
fjj-ieg 9
idd-ieg 9
ffh-ieg 5
hcd-ieg 10
ebg-ieg 5
847
4
bchj-ieh 3
caj-ieh 11
bjg-ieh 7
bge-ieh 9
848
6
efg-iei 4
hgi-iei 6
bcgb-iei 3
dbf-iei 10
behf-iei 3
gdf-iei 6
849
2
bbh-iej 6
bdi-iej 2
850
5
bbbi-ifa 11
ccc-ifa 2
hcf-ifa 6
bdbe-ifa 4
bdih-ifa 7
851
3
dfh-ifb 10
bagh-ifb 10
fgh-ifb 10
852
6
bchg-ifc 9
jid-ifc 9
gfa-ifc 2
ejj-ifc 4
cee-ifc 11
fdj-ifc 4
853
4
bbhd-ifd 2
cf-ifd 9
ijh-ifd 6
bah-ifd 9
854
3
dad-ife 3
hjf-ife 4
bbdj-ife 4
855
5
efe-iff 11
jgf-iff 6
bjb-iff 8
fb-iff 6
cgi-iff 10
856
3
be-ifg 11
bgeb-ifg 11
jci-ifg 9
857
4
cid-ifh 11
baga-ifh 8
baai-ifh 7
eif-ifh 11
858
2
bcci-ifi 5
badf-ifi 10
859
1
chb-ifj 8
860
2
ebb-iga 11
gfj-iga 6
861
2
cif-igb 10
gb-igb 5
862
3
bcgi-igc 11
eaf-igc 11
gh-igc 8
863
3
ggg-igd 7
ife-igd 6
hfd-igd 8
864
3
dbj-ige 7
hjc-ige 8
dbi-ige 9
865
1
egi-igf 6
866
1
babd-igg 9
867
1
hag-igh 5
868
3
bbg-igi 11
bcbj-igi 10
gag-igi 9
869
4
jba-igj 5
dde-igj 4
bdie-igj 11
gih-igj 6
870
4
bcdj-iha 6
hgf-iha 5
jfa-iha 5
bbfe-iha 2
871
2
bbcj-ihb 7
eii-ihb 6
872
3
eba-ihc 3
ehj-ihc 8
jfd-ihc 5
873
4
behh-ihd 9
bbdd-ihd 10
fj-ihd 11
bgei-ihd 5
874
3
hdi-ihe 3
hdg-ihe 7
hdj-ihe 7
875
5
bbad-ihf 6
eh-ihf 11
ijj-ihf 2
bfcc-ihf 9
cfb-ihf 4
876
4
gbf-ihg 11
gij-ihg 6
bcj-ihg 2
cdj-ihg 5
877
3
cib-ihh 8
gih-ihh 8
eef-ihh 8
878
5
bdgf-ihi 6
gjh-ihi 7
bebh-ihi 5
hdb-ihi 11
jg-ihi 2
879
2
caf-ihj 11
cef-ihj 6
880
3
fgb-iia 7
hfh-iia 3
fid-iia 3
881
5
id-iib 7
baeb-iib 3
bafa-iib 9
chd-iib 8
cfb-iib 6
882
4
jje-iic 6
fag-iic 4
iie-iic 7
gfa-iic 11
883
4
bfei-iid 4
iae-iid 10
ffa-iid 10
cej-iid 3
884
5
jee-iie 2
bejf-iie 6
bgc-iie 3
bec-iie 6
cbb-iie 9
885
2
bbei-iif 6
hif-iif 3
886
3
hcg-iig 5
ddg-iig 2
hjb-iig 4
887
1
hbj-iih 5
888
1
bbib-iii 3
889
1
baaa-iij 10
890
3
iaa-ija 9
dbj-ija 11
bcfe-ija 5
891
1
ega-ijb 11
892
4
bcij-ijc 11
cgi-ijc 3
bbf-ijc 8
hg-ijc 7
893
3
beda-ijd 3
hfi-ijd 9
gdh-ijd 10
894
4
bbbj-ije 4
beef-ije 5
bef-ije 10
gda-ije 6
895
2
bj-ijf 8
hei-ijf 9
896
2
behi-ijg 10
ig-ijg 9
897
2
bii-ijh 2
hhg-ijh 2
898
1
gd-iji 5
899
2
iaf-ijj 11
cff-ijj 2
900
3
bbjh-jaa 10
cf-jaa 10
jbg-jaa 10
901
3
baej-jab 8
gbe-jab 8
djh-jab 4
902
5
ibb-jac 8
hca-jac 3
ghg-jac 11
ejj-jac 4
bgg-jac 9
903
3
bcij-jad 7
dgj-jad 8
djc-jad 7
904
3
bbih-jae 6
cja-jae 9
ee-jae 4
905
2
bdig-jaf 9
bgd-jaf 9
906
3
cbc-jag 6
cg-jag 7
bdij-jag 7
907
6
baia-jah 9
bchh-jah 7
fie-jah 3
bcif-jah 9
bajg-jah 8
cfe-jah 2
908
5
bbbg-jai 5
gbj-jai 10
bffi-jai 7
hah-jai 8
efa-jai 8
909
2
ebd-jaj 7
iic-jaj 3
910
3
gej-jba 7
bdef-jba 7
cgd-jba 6
911
2
gjc-jbb 4
dhg-jbb 3
912
2
jca-jbc 9
gbg-jbc 3
913
3
dij-jbd 6
bfad-jbd 10
bgh-jbd 7
914
3
de-jbe 7
bbig-jbe 3
fbj-jbe 3
915
5
bedi-jbf 6
hai-jbf 8
gfg-jbf 11
cc-jbf 10
jbe-jbf 5
916
5
bdid-jbg 11
baie-jbg 6
ehd-jbg 3
bjd-jbg 10
igc-jbg 7
917
3
babf-jbh 5
dbd-jbh 8
bji-jbh 4
918
2
bdcc-jbi 8
hai-jbi 9
919
5
hdc-jbj 3
ejd-jbj 10
daa-jbj 11
ieg-jbj 9
jhb-jbj 10
920
4
jfg-jca 9
idf-jca 5
fdh-jca 10
jde-jca 2
921
4
faj-jcb 11
hhf-jcb 6
gae-jcb 11
ihh-jcb 8
922
3
fej-jcc 3
gfb-jcc 11
fjg-jcc 9
923
4
ied-jcd 4
hgh-jcd 5
jcc-jcd 9
bagh-jcd 7
924
1
bafi-jce 3
925
3
igj-jcf 2
djc-jcf 7
ghe-jcf 8
926
3
ggg-jcg 6
cfj-jcg 6
babe-jcg 8
927
1
hhh-jch 3
928
6
bfbf-jci 7
beia-jci 7
gih-jci 7
fch-jci 10
fb-jci 7
hhe-jci 5
930
3
bdig-jda 5
bgdf-jda 3
cjb-jda 5
931
5
hge-jdb 11
jhc-jdb 11
cgf-jdb 3
bbaj-jdb 5
jji-jdb 7
932
3
hbh-jdc 4
gdh-jdc 7
jc-jdc 8
933
3
dic-jdd 3
dhc-jdd 7
ffh-jdd 8
934
6
bi-jde 2
baad-jde 9
ha-jde 9
bcjb-jde 7
bdgi-jde 3
bie-jde 11
936
7
bhb-jdg 10
dhj-jdg 10
gea-jdg 3
bh-jdg 10
ibi-jdg 3
cjh-jdg 6
fbf-jdg 4
937
1
ea-jdh 2
938
1
dfb-jdi 3
939
4
jfj-jdj 9
eic-jdj 8
ja-jdj 10
dhb-jdj 9
940
2
ije-jea 7
ef-jea 2
941
1
jad-jeb 9
942
5
ehc-jec 10
dae-jec 9
bdfg-jec 6
badg-jec 2
bgb-jec 8
943
1
djc-jed 3
944
4
hjb-jee 5
cfg-jee 2
ceg-jee 3
ej-jee 11
945
5
fad-jef 9
badj-jef 2
bbje-jef 3
bbfe-jef 5
beh-jef 5
946
2
bbj-jeg 2
baib-jeg 2
947
3
bgdb-jeh 7
ddj-jeh 6
bafe-jeh 5
948
2
eff-jei 7
jja-jei 6
949
3
dch-jej 10
ehb-jej 5
fgj-jej 4
950
4
fdj-jfa 4
iec-jfa 3
bhe-jfa 9
chb-jfa 11
951
3
bbdb-jfb 9
cge-jfb 4
ebb-jfb 9
952
3
cgh-jfc 11
jgb-jfc 10
egb-jfc 5
953
2
babc-jfd 3
fbd-jfd 8
954
4
bfgb-jfe 6
bcif-jfe 6
c-jfe 9
egf-jfe 11
955
3
egg-jff 11
bfeb-jff 10
ee-jff 9
956
4
bccb-jfg 7
ega-jfg 8
fic-jfg 11
ghc-jfg 8
957
5
fdf-jfh 4
gfb-jfh 8
bffj-jfh 8
eij-jfh 6
ddc-jfh 6
958
4
befa-jfi 2
bbj-jfi 9
dii-jfi 9
eib-jfi 9
959
5
jfa-jfj 8
bdhe-jfj 4
bcc-jfj 9
bcaj-jfj 10
eac-jfj 6
960
5
bfcd-jga 8
bagg-jga 2
fdf-jga 5
bfab-jga 10
bfcf-jga 9
961
1
ecd-jgb 10
962
5
babj-jgc 5
ibd-jgc 3
ied-jgc 5
bba-jgc 9
cfa-jgc 2
963
1
ghb-jgd 4
964
5
bcgj-jge 2
bedj-jge 8
bagf-jge 9
dda-jge 3
gbf-jge 6
965
5
i-jgf 10
hhj-jgf 8
fjd-jgf 7
bhg-jgf 9
fbf-jgf 3
966
3
bajc-jgg 9
heh-jgg 4
cfd-jgg 7
967
2
dfc-jgh 7
jcb-jgh 7
968
2
iae-jgi 5
gjf-jgi 9
970
4
ghd-jha 11
jia-jha 5
bea-jha 4
efh-jha 2
971
1
ejg-jhb 3
972
4
eej-jhc 8
ced-jhc 9
hei-jhc 4
gga-jhc 6
973
2
gba-jhd 11
geb-jhd 10
974
3
bbai-jhe 10
jae-jhe 7
jih-jhe 9
975
4
bajj-jhf 2
behe-jhf 8
gid-jhf 5
fch-jhf 4
976
2
hde-jhg 11
fbi-jhg 7
977
3
bfia-jhh 7
gab-jhh 8
gej-jhh 11
978
3
bagi-jhi 4
bcj-jhi 3
fca-jhi 8
979
1
eei-jhj 9
980
7
bded-jia 10
ecc-jia 10
hdd-jia 8
bje-jia 9
ddg-jia 10
baac-jia 2
baca-jia 9
981
4
iac-jib 4
gda-jib 6
bjf-jib 7
bab-jib 8
982
2
igj-jic 11
hff-jic 7
983
4
jff-jid 11
bgfj-jid 2
bdgd-jid 4
cag-jid 10
984
3
baih-jie 2
hdb-jie 6
cij-jie 11
985
4
hah-jif 8
dge-jif 5
bb-jif 11
bdih-jif 7
986
3
bbe-jig 9
gha-jig 6
bafi-jig 7
987
3
bfa-jih 2
gfi-jih 10
jhi-jih 9
988
4
ddf-jii 10
cei-jii 3
ihe-jii 5
bjh-jii 6
989
2
ge-jij 4
bah-jij 7
990
1
idh-jja 5
991
6
hja-jjb 3
cjc-jjb 2
jif-jjb 8
bdi-jjb 4
ieg-jjb 11
ihg-jjb 6
992
3
bcgb-jjc 10
jhg-jjc 8
jbg-jjc 10
993
1
daj-jjd 5
994
5
bbcg-jje 5
ej-jje 10
baig-jje 8
hdd-jje 7
badd-jje 6
995
2
hja-jjf 5
ccf-jjf 2
996
2
efa-jjg 8
gfc-jjg 7
997
1
geh-jjh 9
998
2
hef-jji 4
j-jji 4
999
3
bcci-jjj 5
baea-jjj 2
edg-jjj 3
1000
1
fgi-baaa 10
1001
5
jeg-baab 11
ifd-baab 9
bbdf-baab 8
efi-baab 11
bc-baab 4
1002
2
jbh-baac 7
hig-baac 9
1003
4
ceb-baad 5
bbbh-baad 8
ehj-baad 2
jcd-baad 10
1004
2
eje-baae 8
dib-baae 2
1005
2
baae-baaf 7
bdej-baaf 4
1006
5
jci-baag 2
ffj-baag 4
cdc-baag 9
fc-baag 8
beja-baag 6
1007
2
baef-baah 11
jab-baah 5
1008
4
baha-baai 8
bacb-baai 5
dgd-baai 11
igj-baai 4
1009
1
ceb-baaj 5
1010
5
ehi-baba 3
jdf-baba 2
dfi-baba 3
bbfb-baba 2
haj-baba 10
1011
3
djh-babb 10
edh-babb 11
ggi-babb 6
1012
5
jga-babc 7
beag-babc 10
if-babc 10
baif-babc 9
ege-babc 4
1013
3
dfe-babd 9
gec-babd 9
bddi-babd 4
1014
4
ebj-babe 11
ije-babe 2
dbj-babe 4
cjc-babe 6
1015
2
begj-babf 11
ceg-babf 10
1016
3
beba-babg 11
bdhd-babg 10
bbdj-babg 10
1017
2
cbg-babh 6
baia-babh 7
1018
3
baij-babi 4
cdb-babi 6
gd-babi 3
1019
3
bbcg-babj 6
fdc-babj 10
bfib-babj 8
1020
1
igh-baca 6
1021
6
jg-bacb 2
heb-bacb 8
bgbj-bacb 8
bcje-bacb 8
jhb-bacb 5
jce-bacb 5
1022
3
gdb-bacc 7
feg-bacc 9
hbc-bacc 6
1023
1
jgf-bacd 3
1024
2
dhb-bace 3
bbcd-bace 7
1025
1
ifd-bacf 8
1026
2
cja-bacg 5
bgdb-bacg 8
1027
3
fdd-bach 5
bih-bach 6
baag-bach 2
1028
2
ejc-baci 11
egi-baci 6
1029
4
iha-bacj 11
ibj-bacj 4
bada-bacj 8
ib-bacj 11
1030
4
gdb-bada 6
hej-bada 5
bbcf-bada 3
ecj-bada 9
1031
3
bdf-badb 10
bddf-badb 2
dcd-badb 8
1032
3
ifg-badc 4
hfg-badc 5
cad-badc 6
1033
3
gh-badd 9
bcac-badd 11
jc-badd 10
1034
1
ega-bade 7
1035
1
fgh-badf 6
1036
2
jhi-badg 5
bbbf-badg 3
1037
2
bbgj-badh 9
fhe-badh 5
1038
2
bbdi-badi 7
ghg-badi 4
1039
4
bjf-badj 2
bbhf-badj 11
ff-badj 2
ijj-badj 2
1040
4
he-baea 5
hdd-baea 11
cid-baea 7
jgg-baea 10
1041
4
bdcj-baeb 6
iag-baeb 6
bbaf-baeb 6
fd-baeb 4
1042
5
jha-baec 3
hbg-baec 11
jaa-baec 11
ccb-baec 7
bcac-baec 2
1043
1
djc-baed 8
1044
1
baeg-baee 3
1045
4
fi-baef 5
gj-baef 11
bdbf-baef 9
efd-baef 8
1046
4
bcef-baeg 10
hhd-baeg 10
jdc-baeg 9
baic-baeg 10
1047
2
ihg-baeh 11
dfd-baeh 10
1048
4
bagg-baei 9
bcig-baei 2
bhc-baei 9
chj-baei 10
1049
4
bdfj-baej 10
bbhh-baej 7
hih-baej 11
bdij-baej 6
1050
5
babe-bafa 10
dgj-bafa 4
jdj-bafa 11
hgc-bafa 8
cff-bafa 9
1051
4
gdg-bafb 4
bbbd-bafb 11
baah-bafb 2
bcji-bafb 9
1052
4
hii-bafc 3
gfg-bafc 5
bbef-bafc 7
jce-bafc 5
1053
2
cfa-bafd 5
fei-bafd 2
1054
3
fdd-bafe 6
dhc-bafe 6
bgf-bafe 11
1055
2
bfif-baff 10
hcj-baff 4
1056
1
fdd-bafg 10
1057
1
jbd-bafh 11
1058
4
chi-bafi 4
bhj-bafi 5
bag-bafi 5
bbgf-bafi 2
1059
3
hef-bafj 7
gfi-bafj 5
bcag-bafj 5
1060
2
bbag-baga 10
ded-baga 6
1061
2
fhb-bagb 8
bcgd-bagb 9
1062
1
gie-bagc 6
1063
3
hgd-bagd 4
ibg-bagd 4
beg-bagd 9
1064
4
jhf-bage 2
jfb-bage 4
bbcj-bage 2
babh-bage 8
1065
2
bgd-bagf 6
bede-bagf 10
1066
5
baie-bagg 8
fcb-bagg 9
hgb-bagg 8
bbgh-bagg 11
jid-bagg 9
1067
6
gje-bagh 9
cgf-bagh 7
ijg-bagh 8
cde-bagh 11
eab-bagh 7
jbd-bagh 4
1068
3
ehh-bagi 7
ggh-bagi 10
bcac-bagi 10
1069
3
jhd-bagj 2
bad-bagj 11
bgj-bagj 7
1070
2
bgcc-baha 10
bcgf-baha 9
1071
2
cgc-bahb 7
bgah-bahb 8
1072
1
hbg-bahc 8
1073
6
beij-bahd 11
dbb-bahd 11
behd-bahd 2
efa-bahd 8
dii-bahd 3
bcgf-bahd 9
1074
1
bcdi-bahe 11
1075
2
bagd-bahf 11
ffi-bahf 5
1076
2
gjc-bahg 4
bgc-bahg 10
1077
4
bedg-bahh 3
bahg-bahh 10
hea-bahh 2
jab-bahh 6
1078
4
ghc-bahi 7
ia-bahi 4
hab-bahi 9
ceh-bahi 11
1079
2
fbe-bahj 2
ghi-bahj 6
1080
3
bgg-baia 11
gaf-baia 4
jif-baia 3
1081
2
hih-baib 9
iac-baib 11
1082
3
iaa-baic 7
bcgg-baic 2
babi-baic 7
1083
2
bejd-baid 11
ib-baid 7
1084
5
efc-baie 6
iaf-baie 9
chg-baie 4
bade-baie 5
bai-baie 9
1085
1
jcb-baif 7
1086
4
edd-baig 6
jgh-baig 8
hif-baig 8
ihc-baig 7
1087
6
eea-baih 6
becj-baih 7
bcej-baih 7
bbgd-baih 4
gcf-baih 7
bcgf-baih 2
1088
2
bbab-baii 6
ffj-baii 3
1089
3
ife-baij 3
bha-baij 2
bfh-baij 3
1090
4
cdh-baja 11
bcfj-baja 7
bif-baja 4
cgg-baja 8
1091
3
ji-bajb 3
bafj-bajb 5
bdfg-bajb 10
1092
3
dhb-bajc 11
bbae-bajc 3
hih-bajc 11
1093
4
hha-bajd 9
edc-bajd 7
bfjc-bajd 2
hhg-bajd 3
1094
4
gfi-baje 11
iej-baje 9
hhe-baje 7
bdab-baje 6
1095
5
jeb-bajf 5
bbgi-bajf 9
jcd-bajf 3
bcje-bajf 2
eca-bajf 8
1096
2
fi-bajg 9
cgf-bajg 9
1097
2
hba-bajh 10
bia-bajh 4
1098
2
baje-baji 10
bhf-baji 9
1099
3
bajf-bajj 4
eci-bajj 2
ejh-bajj 6
1100
3
bcfa-bbaa 5
beeg-bbaa 7
ghb-bbaa 7
1101
2
cde-bbab 4
bbfc-bbab 11
1102
4
dce-bbac 2
fed-bbac 5
iif-bbac 2
bejd-bbac 7
1103
2
bbag-bbad 3
jbh-bbad 10
1104
6
gc-bbae 7
gid-bbae 9
hg-bbae 10
bgba-bbae 8
eah-bbae 8
bcfc-bbae 2
1105
2
eff-bbaf 8
hhg-bbaf 7
1106
1
gff-bbag 5
1107
4
beci-bbah 11
cja-bbah 5
fhe-bbah 10
bfjh-bbah 10
1108
3
bhj-bbai 8
bdch-bbai 11
bafj-bbai 11
1109
1
ich-bbaj 4
1110
5
hdb-bbba 7
jid-bbba 2
cgd-bbba 9
hde-bbba 3
babb-bbba 11
1111
1
hed-bbbb 5
1113
4
bbh-bbbd 4
baec-bbbd 2
bgab-bbbd 7
icb-bbbd 3
1114
3
bccj-bbbe 2
dhj-bbbe 10
bcc-bbbe 10
1115
3
gej-bbbf 6
cef-bbbf 3
faj-bbbf 3
1116
3
icb-bbbg 5
ief-bbbg 3
baci-bbbg 11
1117
2
ehg-bbbh 5
bagc-bbbh 7
1118
2
bac-bbbi 3
gee-bbbi 10
1119
3
bgdj-bbbj 6
bahe-bbbj 5
big-bbbj 2
1120
2
jcc-bbca 8
bdd-bbca 3
1121
6
jfd-bbcb 2
hih-bbcb 3
ccc-bbcb 5
iee-bbcb 10
djj-bbcb 3
fbc-bbcb 2
1122
2
hbd-bbcc 6
bgf-bbcc 7
1123
3
gje-bbcd 7
baii-bbcd 9
jjd-bbcd 4
1124
2
iff-bbce 2
gde-bbce 3
1125
2
fhc-bbcf 2
bbae-bbcf 8
1126
3
ccj-bbcg 10
fcg-bbcg 9
bdid-bbcg 4
1127
1
icb-bbch 6
1128
2
babh-bbci 2
bie-bbci 10
1129
2
hee-bbcj 7
bbbb-bbcj 3
1130
3
jde-bbda 3
bbji-bbda 7
ehh-bbda 4
1131
5
idc-bbdb 9
ifa-bbdb 9
bfdj-bbdb 5
bbf-bbdb 4
hjj-bbdb 11
1132
1
jh-bbdc 6
1133
5
bci-bbdd 4
gid-bbdd 5
beb-bbdd 7
eii-bbdd 8
fgh-bbdd 4
1134
1
jif-bbde 9
1135
3
gbi-bbdf 10
baed-bbdf 11
gbc-bbdf 7
1136
3
bgdc-bbdg 9
bhc-bbdg 9
bid-bbdg 2
1137
3
ghb-bbdh 6
bcjd-bbdh 3
eef-bbdh 8
1138
3
hbh-bbdi 4
baee-bbdi 9
bcba-bbdi 7
1139
1
ghi-bbdj 3
1140
3
cga-bbea 7
df-bbea 3
dfh-bbea 8
1141
5
ihd-bbeb 9
bbae-bbeb 9
bbde-bbeb 5
bffc-bbeb 10
ji-bbeb 8
1142
2
bcie-bbec 9
cai-bbec 5
1143
1
jc-bbed 8
1144
2
bdee-bbee 10
gcj-bbee 2
1145
4
fjb-bbef 11
fjf-bbef 7
badd-bbef 9
ce-bbef 11
1146
3
eca-bbeg 10
bgbc-bbeg 10
bcjg-bbeg 4
1147
2
eg-bbeh 11
ghj-bbeh 4
1148
2
eif-bbei 8
gej-bbei 11
1149
3
bcbb-bbej 3
fci-bbej 4
fja-bbej 3
1150
2
bacc-bbfa 10
jf-bbfa 10
1151
5
baji-bbfb 2
bbgg-bbfb 10
bdah-bbfb 10
fgd-bbfb 11
ghj-bbfb 3
1152
2
ibh-bbfc 10
bfej-bbfc 9
1153
4
eaa-bbfd 2
bdcj-bbfd 7
bdje-bbfd 2
ebc-bbfd 7
1154
2
bbgi-bbfe 10
chg-bbfe 6
1155
6
fcc-bbff 11
bdjd-bbff 11
hg-bbff 4
ihi-bbff 9
dbh-bbff 6
jig-bbff 3
1156
4
bfee-bbfg 11
fea-bbfg 11
eee-bbfg 11
bcjh-bbfg 4
1157
3
bbjg-bbfh 6
gec-bbfh 3
efd-bbfh 2
1158
3
bbej-bbfi 3
bfhb-bbfi 4
bace-bbfi 5
1159
4
cbc-bbfj 8
ifc-bbfj 4
cje-bbfj 11
babh-bbfj 9
1160
2
eji-bbga 11
jbc-bbga 9
1161
4
hi-bbgb 5
iic-bbgb 10
hgd-bbgb 7
jff-bbgb 5
1162
1
bafa-bbgc 3
1163
1
bgag-bbgd 5
1164
4
bbff-bbge 8
eb-bbge 2
ihg-bbge 2
ddd-bbge 10
1165
1
fcj-bbgf 4
1166
4
bdai-bbgg 7
ca-bbgg 3
bcde-bbgg 5
gfh-bbgg 7
1167
1
bbei-bbgh 8
1168
4
jgi-bbgi 2
bfi-bbgi 11
jab-bbgi 9
bdgi-bbgi 10
1169
4
bejh-bbgj 2
eah-bbgj 2
bbcj-bbgj 6
hjc-bbgj 6
1170
2
begi-bbha 11
fbe-bbha 2
1171
2
iec-bbhb 7
djd-bbhb 9
1172
3
cbh-bbhc 10
bca-bbhc 3
jdi-bbhc 6
1173
4
j-bbhd 2
bced-bbhd 4
bdb-bbhd 6
ece-bbhd 10
1174
4
gfe-bbhe 2
bbgb-bbhe 7
id-bbhe 8
fh-bbhe 9
1175
3
dia-bbhf 8
baif-bbhf 5
bfec-bbhf 9
1177
2
beee-bbhh 8
bcjf-bbhh 8
1178
2
hgi-bbhi 2
bfge-bbhi 5
1179
1
c-bbhj 10
1180
3
edb-bbia 5
ij-bbia 10
ei-bbia 5
1181
1
bdi-bbib 6
1182
2
iab-bbic 6
befc-bbic 6
1183
1
bbdd-bbid 3
1184
3
def-bbie 3
dee-bbie 4
bbhj-bbie 2
1185
2
dcj-bbif 10
bij-bbif 4
1186
1
cig-bbig 7
1187
2
gc-bbih 11
bfd-bbih 7
1188
2
bfgf-bbii 8
jhc-bbii 8
1189
3
bbdf-bbij 6
beci-bbij 7
cdd-bbij 3
1190
2
fec-bbja 10
bacb-bbja 3
1191
2
ffj-bbjb 11
gje-bbjb 10
1192
3
ii-bbjc 11
bbha-bbjc 8
bhc-bbjc 2
1193
1
jig-bbjd 3
1194
1
cbd-bbje 2
1195
4
haj-bbjf 5
jbg-bbjf 11
fcj-bbjf 11
dji-bbjf 3
1196
3
bagj-bbjg 4
bbfe-bbjg 8
hjb-bbjg 9
1197
2
bcjb-bbjh 4
jih-bbjh 3
1198
3
ijh-bbji 10
hhi-bbji 4
bch-bbji 9
1199
1
cig-bbjj 3
1200
2
bgb-bcaa 4
bbie-bcaa 11
1201
4
bchi-bcab 4
gce-bcab 11
jjj-bcab 6
dfi-bcab 8
1202
3
fa-bcac 7
had-bcac 7
hac-bcac 10
1203
3
bgcb-bcad 10
bdf-bcad 9
hcd-bcad 9
1204
2
ibg-bcae 3
bdaj-bcae 6
1205
3
bcda-bcaf 6
bbha-bcaf 10
jh-bcaf 3
1206
2
bgch-bcag 5
babb-bcag 2
1207
1
eed-bcah 5
1208
1
bbcj-bcai 7
1209
1
bbji-bcaj 7
1210
2
ejb-bcba 4
gfc-bcba 5
1211
3
die-bcbb 7
bdbj-bcbb 10
hag-bcbb 6
1212
5
bafj-bcbc 3
ef-bcbc 3
dbe-bcbc 8
bbai-bcbc 2
bcij-bcbc 5
1213
1
baca-bcbd 5
1214
2
gda-bcbe 11
bdd-bcbe 6
1215
2
igc-bcbf 3
bged-bcbf 11
1216
3
iea-bcbg 8
behc-bcbg 7
dbh-bcbg 7
1217
1
bhg-bcbh 3
1218
3
jdd-bcbi 6
bfcf-bcbi 2
jcf-bcbi 4
1219
3
hjj-bcbj 6
hgc-bcbj 4
bcch-bcbj 9
1220
4
jfe-bcca 9
behj-bcca 11
bdhj-bcca 8
fb-bcca 8
1221
3
egb-bccb 10
cid-bccb 9
bcag-bccb 9
1222
1
edj-bccc 8
1223
3
bfed-bccd 7
behg-bccd 5
ced-bccd 6
1224
2
eci-bcce 9
iib-bcce 5
1225
2
bfhd-bccf 2
bajb-bccf 10
1226
2
begg-bccg 3
badf-bccg 10
1227
1
hjg-bcch 8
1228
2
hjd-bcci 9
bcae-bcci 4
1229
6
hci-bccj 11
gbe-bccj 8
cfg-bccj 6
dci-bccj 2
bg-bccj 8
bdeb-bccj 5
1230
3
dh-bcda 9
ijd-bcda 4
beii-bcda 9
1231
3
bbeb-bcdb 10
bddd-bcdb 4
baci-bcdb 6
1232
4
bccd-bcdc 7
bcj-bcdc 9
bfga-bcdc 7
ghb-bcdc 8
1233
3
bagh-bcdd 5
bdid-bcdd 4
bbfh-bcdd 2
1234
5
beje-bcde 7
cba-bcde 6
gic-bcde 11
bcha-bcde 3
baji-bcde 10
1235
1
bbef-bcdf 3
1236
3
hjc-bcdg 4
jje-bcdg 7
chc-bcdg 4
1237
2
faf-bcdh 2
bchf-bcdh 11
1238
3
cfg-bcdi 5
hee-bcdi 4
becb-bcdi 7
1239
1
fdb-bcdj 6
1240
1
becb-bcea 5
1241
2
idj-bceb 5
bfcf-bceb 4
1242
1
dgj-bcec 2
1243
1
bcjd-bced 11
1244
6
gdf-bcee 8
ejh-bcee 4
ffd-bcee 8
bdja-bcee 10
iai-bcee 8
bdca-bcee 10
1245
2
fbj-bcef 6
fbb-bcef 11
1246
1
cca-bceg 2
1247
4
bbdf-bceh 6
bdae-bceh 10
fab-bceh 4
bge-bceh 10
1248
1
bci-bcei 6
1249
3
jfh-bcej 9
gif-bcej 5
ef-bcej 9
1250
2
jfh-bcfa 10
djh-bcfa 7
1252
2
cig-bcfc 9
jbj-bcfc 4
1253
3
idg-bcfd 4
jeh-bcfd 4
beie-bcfd 5
1254
1
jh-bcfe 10
1255
4
hfh-bcff 4
begg-bcff 9
iie-bcff 2
ddd-bcff 11
1256
2
fjj-bcfg 4
bcje-bcfg 8
1257
1
egd-bcfh 3
1258
1
ihe-bcfi 3
1259
4
bchb-bcfj 2
ibc-bcfj 8
cig-bcfj 4
jii-bcfj 5
1260
1
ghc-bcga 7
1261
2
eai-bcgb 2
jae-bcgb 7
1262
2
beih-bcgc 5
bahc-bcgc 3
1263
1
gba-bcgd 10
1264
3
baih-bcge 9
bddi-bcge 4
bgh-bcge 9
1265
1
bbga-bcgf 8
1266
2
bfhf-bcgg 4
beej-bcgg 5
1267
2
bdjg-bcgh 6
cbj-bcgh 11
1268
4
bge-bcgi 3
fca-bcgi 7
hce-bcgi 10
bfh-bcgi 4
1269
3
beae-bcgj 8
bdbg-bcgj 11
bfci-bcgj 7
1270
2
deh-bcha 3
dgg-bcha 11
1271
2
bdfj-bchb 10
hhd-bchb 5
1272
2
cej-bchc 2
bdb-bchc 6
1273
2
bdaf-bchd 2
jbd-bchd 6
1274
2
becg-bche 8
gcd-bche 2
1275
2
bfag-bchf 3
hdj-bchf 5
1276
4
hhj-bchg 5
hga-bchg 4
bebi-bchg 9
idc-bchg 11
1277
5
hhi-bchh 2
bbij-bchh 2
bcjj-bchh 6
bcjb-bchh 2
cjb-bchh 4
1278
2
ifh-bchi 7
bcdj-bchi 4
1279
1
jcd-bchj 5
1280
5
bgec-bcia 5
hid-bcia 3
baid-bcia 3
hhg-bcia 6
ibc-bcia 10
1281
4
bfgd-bcib 10
bje-bcib 6
dde-bcib 5
bdcc-bcib 6
1283
1
bede-bcid 11
1284
3
eic-bcie 4
bbgh-bcie 9
bebd-bcie 4
1285
2
jhh-bcif 10
bdjb-bcif 4
1286
1
fae-bcig 5
1287
1
cae-bcih 4
1288
3
jeh-bcii 2
cga-bcii 4
bafh-bcii 4
1289
1
ebd-bcij 11
1290
3
hhd-bcja 6
bbfi-bcja 9
ica-bcja 8
1291
2
bcaa-bcjb 4
dba-bcjb 10
1292
2
bbaf-bcjc 10
bbdg-bcjc 5
1293
1
hdf-bcjd 8
1294
1
bbfh-bcje 8
1295
4
bdjc-bcjf 6
dde-bcjf 6
bedc-bcjf 8
fda-bcjf 3
1296
2
eii-bcjg 6
jce-bcjg 10
1297
1
dch-bcjh 9
1298
2
ida-bcji 7
dg-bcji 4
1299
2
fig-bcjj 11
bfgi-bcjj 2
1300
3
edh-bdaa 9
eba-bdaa 2
gcj-bdaa 11
1301
2
iji-bdab 8
bdib-bdab 9
1302
2
gba-bdac 9
cgb-bdac 10
1303
3
ch-bdad 5
dja-bdad 7
jdi-bdad 11
1304
2
bbif-bdae 11
bahi-bdae 3
1305
1
ga-bdaf 7
1306
1
badg-bdag 5
1307
2
beeg-bdah 5
ibd-bdah 6
1308
2
baij-bdai 2
bajh-bdai 6
1309
2
je-bdaj 8
hed-bdaj 3
1310
1
bbch-bdba 2
1311
1
jeh-bdbb 6
1312
1
bcgf-bdbc 11
1314
1
hh-bdbe 11
1315
1
hf-bdbf 2
1316
3
bfii-bdbg 6
hdj-bdbg 6
ddc-bdbg 8
1317
1
jhg-bdbh 5
1318
2
dbc-bdbi 10
bfbc-bdbi 9
1319
4
jfa-bdbj 8
dhe-bdbj 4
gid-bdbj 3
bbci-bdbj 11
1320
1
fej-bdca 5
1321
2
ibj-bdcb 5
cii-bdcb 6
1322
2
iig-bdcc 10
bdhf-bdcc 11
1323
2
bdgd-bdcd 6
bbcb-bdcd 10
1324
1
jfc-bdce 3
1325
1
faa-bdcf 2
1326
1
bce-bdcg 5
1327
2
cac-bdch 8
hgc-bdch 6
1328
2
efh-bdci 9
ci-bdci 7
1329
2
feb-bdcj 5
jjc-bdcj 9
1330
2
efh-bdda 11
bebj-bdda 8
1331
1
bbbg-bddb 3
1333
2
bcbf-bddd 8
daa-bddd 8
1334
2
jif-bdde 6
bid-bdde 10
1335
3
bbcc-bddf 3
bbbg-bddf 6
gig-bddf 5
1336
1
badj-bddg 9
1337
1
bffa-bddh 5
1338
1
fjg-bddi 11
1339
3
bbbe-bddj 8
bcaf-bddj 9
bj-bddj 4
1340
1
dc-bdea 3
1341
2
bdif-bdeb 2
jaf-bdeb 11
1342
4
bfaf-bdec 7
ida-bdec 11
bfeg-bdec 8
cca-bdec 2
1343
2
befd-bded 8
bbbi-bded 5
1344
3
gii-bdee 10
bcie-bdee 5
cgc-bdee 6
1345
2
hbe-bdef 5
bbeg-bdef 11
1346
3
iai-bdeg 7
bgfb-bdeg 3
hdh-bdeg 11
1347
2
cfc-bdeh 4
ecj-bdeh 5
1348
1
bccd-bdei 5
1349
2
bfaa-bdej 6
jag-bdej 6
1350
3
bje-bdfa 2
hdb-bdfa 5
jjf-bdfa 3
1351
2
ijg-bdfb 10
icf-bdfb 3
1352
1
hdc-bdfc 11
1353
2
bec-bdfd 3
efb-bdfd 3
1354
2
gdf-bdfe 8
bfeg-bdfe 9
1355
1
jga-bdff 11
1356
2
bdic-bdfg 9
bib-bdfg 9
1357
2
bacc-bdfh 4
bege-bdfh 8
1358
2
becc-bdfi 3
jcf-bdfi 6
1359
3
bbjf-bdfj 6
hae-bdfj 8
cdf-bdfj 11
1360
4
ehh-bdga 11
ihf-bdga 5
begc-bdga 6
bafa-bdga 11
1361
3
bead-bdgb 10
fca-bdgb 8
hig-bdgb 11
1362
2
eba-bdgc 5
bcbd-bdgc 4
1363
2
gbc-bdgd 6
gga-bdgd 10
1364
1
baej-bdge 6
1365
3
bfbe-bdgf 8
fcc-bdgf 10
gdb-bdgf 10
1366
1
fbh-bdgg 11
1367
2
ghj-bdgh 3
eea-bdgh 2
1368
2
bdjb-bdgi 3
bdj-bdgi 5
1369
2
bgdi-bdgj 8
hhh-bdgj 7
1370
3
behi-bdha 9
daj-bdha 2
gfj-bdha 10
1371
2
hbh-bdhb 7
haf-bdhb 4
1372
2
bahg-bdhc 3
jei-bdhc 3
1373
2
bcbg-bdhd 6
bae-bdhd 9
1374
4
ecc-bdhe 3
bagb-bdhe 3
jjj-bdhe 6
baia-bdhe 2
1375
2
bfae-bdhf 4
bcdh-bdhf 4
1376
1
efd-bdhg 5
1377
1
bdfd-bdhh 9
1378
3
ccf-bdhi 2
ihe-bdhi 2
hb-bdhi 2
1379
1
iah-bdhj 3
1380
2
jgg-bdia 6
bgff-bdia 5
1381
1
bcfi-bdib 4
1382
1
hhg-bdic 4
1383
1
beh-bdid 5
1384
1
igc-bdie 3
1385
2
fgc-bdif 5
f-bdif 9
1386
2
bdge-bdig 4
bajc-bdig 3
1387
1
ijf-bdih 3
1388
2
cch-bdii 9
fbg-bdii 4
1389
1
fbg-bdij 8
1390
2
bbhb-bdja 4
bdeb-bdja 8
1391
1
bchd-bdjb 9
1392
2
ifh-bdjc 7
bfbb-bdjc 5
1393
1
eca-bdjd 5
1394
3
bacj-bdje 7
bbjb-bdje 4
cge-bdje 5
1395
1
jig-bdjf 4
1396
1
bdef-bdjg 11
1397
2
bfdf-bdjh 3
baj-bdjh 7
1398
2
egb-bdji 2
bej-bdji 2
1399
2
bccf-bdjj 2
cb-bdjj 7
1400
2
eeb-beaa 3
bcfj-beaa 7
1401
2
baai-beab 9
bdde-beab 2
1403
2
bib-bead 10
bafg-bead 3
1404
1
bdch-beae 8
1405
1
geb-beaf 7
1406
1
cci-beag 11
1407
3
bgfc-beah 11
jie-beah 6
bche-beah 6
1408
1
ida-beai 5
1409
2
dea-beaj 5
bcea-beaj 3
1410
3
bbf-beba 6
bbcb-beba 2
bfg-beba 4
1411
1
bgf-bebb 5
1412
1
bbah-bebc 6
1413
2
bejj-bebd 9
babc-bebd 2
1414
1
bccd-bebe 8
1415
2
bbfj-bebf 4
ghb-bebf 9
1416
1
idj-bebg 2
1417
2
bbgc-bebh 3
dag-bebh 9
1418
1
fad-bebi 5
1419
1
bbec-bebj 11
1420
2
jjf-beca 2
ddg-beca 6
1421
3
bfbj-becb 4
bcg-becb 10
jed-becb 5
1422
2
haf-becc 10
bcc-becc 11
1423
2
bbii-becd 7
fba-becd 5
1424
1
fii-bece 8
1425
2
fed-becf 8
hce-becf 7
1426
1
bagi-becg 7
1427
1
dfj-bech 7
1428
1
bbgj-beci 9
1429
2
hec-becj 2
bdbi-becj 11
1430
3
bfhh-beda 3
cbd-beda 9
bc-beda 10
1431
1
bebd-bedb 8
1432
2
bfaj-bedc 3
baic-bedc 9
1433
1
ceg-bedd 11
1434
2
bbda-bede 10
hf-bede 2
1435
2
ebh-bedf 2
djf-bedf 5
1436
2
jbg-bedg 5
gfg-bedg 7
1437
2
bgai-bedh 9
baha-bedh 10
1438
2
iib-bedi 5
bfba-bedi 11
1439
1
igd-bedj 3
1441
2
hcf-beeb 8
bbee-beeb 2
1442
1
jba-beec 9
1443
3
becd-beed 10
bfih-beed 7
dgj-beed 10
1444
2
eff-beee 6
hhc-beee 2
1445
2
icf-beef 7
hhf-beef 11
1446
3
bdeb-beeg 8
he-beeg 2
befc-beeg 5
1447
1
bdgc-beeh 2
1448
1
bdcg-beei 10
1449
1
cge-beej 3
1450
2
cbc-befa 10
ebe-befa 10
1451
1
babd-befb 11
1452
1
bchf-befc 4
1453
3
iia-befd 2
dci-befd 6
chj-befd 8
1454
1
fif-befe 8
1455
2
fid-beff 11
hc-beff 4
1456
1
bah-befg 9
1457
1
heh-befh 10
1458
1
bahf-befi 11
1459
1
bdgc-befj 7
1460
1
gca-bega 10
1461
1
iie-begb 2
1462
2
ghf-begc 4
bgad-begc 11
1463
1
bdgi-begd 5
1464
2
babb-bege 8
bdci-bege 6
1465
1
dfc-begf 2
1466
2
ifb-begg 4
bfai-begg 6
1467
1
eac-begh 5
1468
1
cff-begi 9
1469
2
bbfb-begj 3
eef-begj 8
1470
3
hcj-beha 2
cji-beha 6
bebd-beha 4
1471
1
bfdh-behb 2
1472
1
ifa-behc 5
1473
1
eda-behd 2
1474
3
bgaa-behe 2
ihd-behe 2
baja-behe 4
1475
1
hdf-behf 6
1476
1
iei-behg 3
1477
1
bcgg-behh 11
1478
2
bgde-behi 2
bjh-behi 3
1479
3
dbd-behj 7
dcd-behj 3
ihb-behj 4
1480
1
ffd-beia 10
1481
1
bdaj-beib 4
1482
3
dg-beic 4
ec-beic 7
bbb-beic 3
1483
2
iai-beid 8
bdje-beid 5
1484
1
cgc-beie 10
1485
3
gab-beif 5
hfb-beif 7
cii-beif 2
1486
2
baf-beig 5
bedd-beig 9
1487
2
ijd-beih 10
dcc-beih 10
1488
1
cbe-beii 2
1489
2
bah-beij 5
che-beij 6
1490
1
cid-beja 5
1491
1
bace-bejb 8
1493
1
badc-bejd 8
1494
1
baag-beje 10
1495
1
jhi-bejf 4
1496
2
cha-bejg 6
bcag-bejg 4
1497
1
bdaa-bejh 8
1498
2
ifa-beji 8
dcf-beji 2
1499
1
cdg-bejj 11
1500
2
ccd-bfaa 9
bhf-bfaa 8
1501
1
fbi-bfab 4
1503
1
jhc-bfad 8
1504
3
bai-bfae 11
ecc-bfae 9
bfah-bfae 5
1505
2
bedh-bfaf 5
hbb-bfaf 4
1506
2
jai-bfag 11
bdad-bfag 3
1507
1
jbf-bfah 6
1508
1
bcaj-bfai 9
1509
1
bcjd-bfaj 9
1510
1
bdgg-bfba 7
1511
1
hda-bfbb 2
1512
1
ijd-bfbc 9
1513
3
fia-bfbd 4
dcg-bfbd 9
bbjd-bfbd 6
1514
1
behh-bfbe 2
1515
2
bdga-bfbf 10
efe-bfbf 8
1516
1
hih-bfbg 7
1518
1
jjc-bfbi 5
1519
1
beif-bfbj 5
1520
1
ghc-bfca 9
1521
3
bbba-bfcb 10
gaj-bfcb 5
gfa-bfcb 2
1522
1
gga-bfcc 11
1523
3
bdbj-bfcd 11
bcdc-bfcd 4
ggc-bfcd 7
1524
1
jh-bfce 10
1525
1
bca-bfcf 4
1526
3
cjc-bfcg 2
bgdj-bfcg 6
bfgg-bfcg 3
1527
1
bafe-bfch 7
1528
1
fjb-bfci 4
1529
2
dif-bfcj 3
gh-bfcj 9
1530
2
baai-bfda 10
bgce-bfda 6
1531
1
iih-bfdb 4
1532
1
bfbc-bfdc 9
1533
1
bcgh-bfdd 2
1534
1
jgf-bfde 10
1535
1
ddf-bfdf 5
1536
1
bdfi-bfdg 8
1537
1
bdec-bfdh 5
1538
2
ihc-bfdi 3
fgc-bfdi 10
1539
2
bddd-bfdj 6
dgg-bfdj 5
1540
1
jdg-bfea 7
1541
1
ggf-bfeb 7
1542
2
edg-bfec 8
bdge-bfec 2
1543
2
iia-bfed 10
iea-bfed 2
1544
2
fhi-bfee 9
dae-bfee 11
1545
4
bgda-bfef 10
ied-bfef 9
faa-bfef 6
bgaf-bfef 9
1546
1
dfb-bfeg 3
1547
1
fdc-bfeh 5
1548
1
cbf-bfei 3
1549
1
bdia-bfej 10
1550
1
iab-bffa 11
1551
1
bda-bffb 9
1552
1
iai-bffc 7
1553
1
egi-bffd 6
1554
1
jai-bffe 4
1555
1
becg-bfff 2
1556
1
gci-bffg 4
1557
1
ghi-bffh 3
1558
1
ed-bffi 6
1559
1
eda-bffj 10
1560
2
dcg-bfga 8
bfj-bfga 7
1561
2
beif-bfgb 3
bcfj-bfgb 5
1562
1
bdac-bfgc 11
1563
1
ihj-bfgd 9
1564
1
chj-bfge 3
1565
2
bgga-bfgf 2
eig-bfgf 3
1566
1
ec-bfgg 7
1567
1
bbie-bfgh 8
1568
3
bgej-bfgi 10
fea-bfgi 5
bgee-bfgi 11
1570
1
cga-bfha 7
1571
1
bhg-bfhb 3
1572
1
dgd-bfhc 4
1573
1
bdgb-bfhd 7
1574
1
bfi-bfhe 9
1575
2
jjj-bfhf 7
ded-bfhf 4
1576
2
bfhi-bfhg 8
ibi-bfhg 7
1577
1
ibh-bfhh 5
1578
1
ice-bfhi 11
1579
2
gih-bfhj 6
bejj-bfhj 10
1580
1
df-bfia 8
1581
1
bdca-bfib 8
1582
2
bgfg-bfic 10
igc-bfic 11
1583
1
hfa-bfid 8
1584
1
ceh-bfie 9
1585
2
dfi-bfif 11
caa-bfif 6
1587
1
cif-bfih 10
1588
2
hjg-bfii 10
edc-bfii 6
1589
1
gih-bfij 3
1590
1
bie-bfja 2
1591
1
icj-bfjb 7
1592
1
bej-bfjc 2
1593
1
bajd-bfjd 7
1594
1
bfba-bfje 7
1595
1
cdg-bfjf 3
1596
1
bdej-bfjg 9
1597
1
bcga-bfjh 3
1598
1
bebd-bfji 3
1599
1
hhg-bfjj 7
1600
1
bcdd-bgaa 5
1601
1
fga-bgab 7
1602
1
babg-bgac 4
1603
1
bdba-bgad 7
1604
1
bajd-bgae 11
1605
1
beab-bgaf 6
1606
1
bed-bgag 5
1607
1
bdhi-bgah 11
1608
1
baji-bgai 2
1609
1
egb-bgaj 4
1610
1
ddd-bgba 2
1611
1
dib-bgbb 7
1612
1
bba-bgbc 3
1613
2
bfje-bgbd 4
bfb-bgbd 4
1614
1
bfhe-bgbe 10
1615
1
bbfa-bgbf 2
1616
1
dff-bgbg 2
1617
2
bgfh-bgbh 8
ece-bgbh 10
1618
1
bfjc-bgbi 6
1619
1
cbj-bgbj 6
1620
1
hjh-bgca 4
1621
1
icd-bgcb 4
1622
2
dga-bgcc 6
bdbe-bgcc 8
1624
1
bacd-bgce 9
1625
1
cib-bgcf 9
1626
1
cba-bgcg 2
1627
1
cga-bgch 6
1628
2
hje-bgci 2
bda-bgci 3
1629
1
beeg-bgcj 10
1630
1
bcai-bgda 6
1631
1
jdd-bgdb 7
1632
1
gbb-bgdc 10
1633
3
ede-bgdd 2
bhf-bgdd 2
bffd-bgdd 3
1634
1
beic-bgde 7
1635
1
bbia-bgdf 4
1636
1
baf-bgdg 2
1637
1
hhh-bgdh 4
1638
2
bach-bgdi 2
jdi-bgdi 3
1639
1
jdb-bgdj 4
1640
1
bcia-bgea 8
1641
1
ega-bgeb 9
1642
2
djd-bgec 6
bacg-bgec 9
1643
1
behi-bged 4
1644
1
hjf-bgee 9
1645
1
fed-bgef 6
1646
1
baca-bgeg 6
1647
1
bece-bgeh 8
1648
1
bgca-bgei 7
1649
1
jej-bgej 3
1650
1
bddj-bgfa 9
1651
1
bhh-bgfb 2
1652
1
bfjg-bgfc 8
1653
2
gif-bgfd 4
ddb-bgfd 4
1654
1
bfcf-bgfe 7
1655
1
bcgh-bgff 2
1656
1
bce-bgfg 3
1657
1
bgbi-bgfh 7
1658
1
bie-bgfi 3
1659
1
eef-bgfj 8
1660
1
bdhi-bgga 10
1661
1
bdhg-bggb 7
